<?xml version="1.0" encoding="UTF-8"?>
<testsuite xmlns:xsi="http://www.w3.org/2001/XMLSchema-instance" xsi:noNamespaceSchemaLocation="https://maven.apache.org/surefire/maven-surefire-plugin/xsd/surefire-test-report-3.0.xsd" version="3.0" name="diesel.SubqueriesTest" time="2.823" tests="21" errors="0" skipped="0" failures="0">
  <properties>
[...]
</properties>
  <testcase name="selectWithSubqueryInInClauseWithAlias" classname="diesel.SubqueriesTest" time="1.194">
    <system-err><![CDATA[сент. 09, 2026 8:40:26 PM diesel.QueryParser <clinit>
INFO: Logging level set to ALL from config.properties
сент. 09, 2026 8:40:26 PM diesel.QueryParser parse
INFO: Normalized query: CREATE TABLE USERS (ID LONG PRIMARY KEY SEQUENCE(ID_SEQ 1 1), USER_CODE STRING, NAME STRING, AGE INTEGER, BALANCE BIGDECIMAL)
сент. 09, 2026 8:40:26 PM diesel.QueryParser parseCreateTableQuery
INFO: Parsed CREATE TABLE query: table=USERS, columns=[ID, USER_CODE, NAME, AGE, BALANCE], types={AGE=class java.lang.Integer, BALANCE=class java.math.BigDecimal, ID=class java.lang.Long, NAME=class java.lang.String, USER_CODE=class java.lang.String}, primaryKey=ID, sequences=[ID]
сент. 09, 2026 8:40:26 PM diesel.Table createUniqueClusteredIndex
INFO: Created unique clustered B-tree index on column ID for table USERS
сент. 09, 2026 8:40:26 PM diesel.Table <init>
INFO: Created table: USERS with columns [ID, USER_CODE, NAME, AGE, BALANCE], types {AGE=class java.lang.Integer, BALANCE=class java.math.BigDecimal, ID=class java.lang.Long, NAME=class java.lang.String, USER_CODE=class java.lang.String}, primary key: ID, sequences: []
сент. 09, 2026 8:40:26 PM diesel.Database createTable
INFO: Created table USERS with primary key ID
сент. 09, 2026 8:40:26 PM diesel.QueryParser parse
INFO: Normalized query: CREATE UNIQUE INDEX ON USERS (ID)
сент. 09, 2026 8:40:26 PM diesel.Table createUniqueIndex
INFO: Created unique index on column ID for table USERS
сент. 09, 2026 8:40:26 PM diesel.QueryParser parse
INFO: Normalized query: CREATE INDEX ON USERS (AGE)
сент. 09, 2026 8:40:26 PM diesel.Table createBTreeIndex
INFO: Created B-tree index on column AGE for table USERS
сент. 09, 2026 8:40:26 PM diesel.QueryParser parse
INFO: Normalized query: CREATE HASH INDEX ON USERS (NAME)
сент. 09, 2026 8:40:26 PM diesel.Table createHashIndex
INFO: Created hash index on column NAME for table USERS
сент. 09, 2026 8:40:26 PM diesel.QueryParser parse
INFO: Normalized query: CREATE UNIQUE INDEX ON USERS (USER_CODE)
сент. 09, 2026 8:40:26 PM diesel.Table createUniqueIndex
INFO: Created unique index on column USER_CODE for table USERS
сент. 09, 2026 8:40:26 PM diesel.QueryParser parse
INFO: Normalized query: INSERT INTO USERS (USER_CODE, NAME, AGE, BALANCE) VALUES ('CODE1', 'USER1', 19, 101.00)
сент. 09, 2026 8:40:26 PM diesel.QueryParser parseInsertQuery
INFO: Parsed INSERT query: table=USERS, columns=[USER_CODE, NAME, AGE, BALANCE], values=[CODE1, User1, 19, 101.00]
сент. 09, 2026 8:40:27 PM diesel.Table addRow
INFO: Inserted row into table USERS: {USER_CODE=CODE1, ID=1, NAME=User1, AGE=19, BALANCE=101.00}
сент. 09, 2026 8:40:27 PM diesel.InsertQuery insertRow
INFO: Inserted row into table USERS: {USER_CODE=CODE1, NAME=User1, AGE=19, BALANCE=101.00}
сент. 09, 2026 8:40:27 PM diesel.Table saveToFile
INFO: Table USERS saved to file data\USERS.csv with 1 rows
сент. 09, 2026 8:40:27 PM diesel.QueryParser parse
INFO: Normalized query: INSERT INTO USERS (USER_CODE, NAME, AGE, BALANCE) VALUES ('CODE2', 'USER2', 20, 102.00)
сент. 09, 2026 8:40:27 PM diesel.QueryParser parseInsertQuery
INFO: Parsed INSERT query: table=USERS, columns=[USER_CODE, NAME, AGE, BALANCE], values=[CODE2, User2, 20, 102.00]
сент. 09, 2026 8:40:27 PM diesel.Table addRow
INFO: Inserted row into table USERS: {USER_CODE=CODE2, ID=2, NAME=User2, AGE=20, BALANCE=102.00}
сент. 09, 2026 8:40:27 PM diesel.InsertQuery insertRow
INFO: Inserted row into table USERS: {USER_CODE=CODE2, NAME=User2, AGE=20, BALANCE=102.00}
сент. 09, 2026 8:40:27 PM diesel.Table saveToFile
INFO: Table USERS saved to file data\USERS.csv with 2 rows
сент. 09, 2026 8:40:27 PM diesel.QueryParser parse
INFO: Normalized query: INSERT INTO USERS (USER_CODE, NAME, AGE, BALANCE) VALUES ('CODE3', 'USER3', 21, 103.00)
сент. 09, 2026 8:40:27 PM diesel.QueryParser parseInsertQuery
INFO: Parsed INSERT query: table=USERS, columns=[USER_CODE, NAME, AGE, BALANCE], values=[CODE3, User3, 21, 103.00]
сент. 09, 2026 8:40:27 PM diesel.Table addRow
INFO: Inserted row into table USERS: {USER_CODE=CODE3, ID=3, NAME=User3, AGE=21, BALANCE=103.00}
сент. 09, 2026 8:40:27 PM diesel.InsertQuery insertRow
INFO: Inserted row into table USERS: {USER_CODE=CODE3, NAME=User3, AGE=21, BALANCE=103.00}
сент. 09, 2026 8:40:27 PM diesel.Table saveToFile
INFO: Table USERS saved to file data\USERS.csv with 3 rows
сент. 09, 2026 8:40:27 PM diesel.QueryParser parse
INFO: Normalized query: INSERT INTO USERS (USER_CODE, NAME, AGE, BALANCE) VALUES ('CODE4', 'USER4', 22, 104.00)
сент. 09, 2026 8:40:27 PM diesel.QueryParser parseInsertQuery
INFO: Parsed INSERT query: table=USERS, columns=[USER_CODE, NAME, AGE, BALANCE], values=[CODE4, User4, 22, 104.00]
сент. 09, 2026 8:40:27 PM diesel.Table addRow
INFO: Inserted row into table USERS: {USER_CODE=CODE4, ID=4, NAME=User4, AGE=22, BALANCE=104.00}
сент. 09, 2026 8:40:27 PM diesel.InsertQuery insertRow
INFO: Inserted row into table USERS: {USER_CODE=CODE4, NAME=User4, AGE=22, BALANCE=104.00}
сент. 09, 2026 8:40:27 PM diesel.Table saveToFile
INFO: Table USERS saved to file data\USERS.csv with 4 rows
сент. 09, 2026 8:40:27 PM diesel.QueryParser parse
INFO: Normalized query: INSERT INTO USERS (USER_CODE, NAME, AGE, BALANCE) VALUES ('CODE5', 'USER5', 23, 105.00)
сент. 09, 2026 8:40:27 PM diesel.QueryParser parseInsertQuery
INFO: Parsed INSERT query: table=USERS, columns=[USER_CODE, NAME, AGE, BALANCE], values=[CODE5, User5, 23, 105.00]
сент. 09, 2026 8:40:27 PM diesel.Table addRow
INFO: Inserted row into table USERS: {USER_CODE=CODE5, ID=5, NAME=User5, AGE=23, BALANCE=105.00}
сент. 09, 2026 8:40:27 PM diesel.InsertQuery insertRow
INFO: Inserted row into table USERS: {USER_CODE=CODE5, NAME=User5, AGE=23, BALANCE=105.00}
сент. 09, 2026 8:40:27 PM diesel.Table saveToFile
INFO: Table USERS saved to file data\USERS.csv with 5 rows
сент. 09, 2026 8:40:27 PM diesel.QueryParser parse
INFO: Normalized query: INSERT INTO USERS (USER_CODE, NAME, AGE, BALANCE) VALUES ('CODE6', 'USER6', 24, 106.00)
сент. 09, 2026 8:40:27 PM diesel.QueryParser parseInsertQuery
INFO: Parsed INSERT query: table=USERS, columns=[USER_CODE, NAME, AGE, BALANCE], values=[CODE6, User6, 24, 106.00]
сент. 09, 2026 8:40:27 PM diesel.Table addRow
INFO: Inserted row into table USERS: {USER_CODE=CODE6, ID=6, NAME=User6, AGE=24, BALANCE=106.00}
сент. 09, 2026 8:40:27 PM diesel.InsertQuery insertRow
INFO: Inserted row into table USERS: {USER_CODE=CODE6, NAME=User6, AGE=24, BALANCE=106.00}
сент. 09, 2026 8:40:27 PM diesel.Table saveToFile
INFO: Table USERS saved to file data\USERS.csv with 6 rows
сент. 09, 2026 8:40:27 PM diesel.QueryParser parse
INFO: Normalized query: INSERT INTO USERS (USER_CODE, NAME, AGE, BALANCE) VALUES ('CODE7', 'USER7', 25, 107.00)
сент. 09, 2026 8:40:27 PM diesel.QueryParser parseInsertQuery
INFO: Parsed INSERT query: table=USERS, columns=[USER_CODE, NAME, AGE, BALANCE], values=[CODE7, User7, 25, 107.00]
сент. 09, 2026 8:40:27 PM diesel.Table addRow
INFO: Inserted row into table USERS: {USER_CODE=CODE7, ID=7, NAME=User7, AGE=25, BALANCE=107.00}
сент. 09, 2026 8:40:27 PM diesel.InsertQuery insertRow
INFO: Inserted row into table USERS: {USER_CODE=CODE7, NAME=User7, AGE=25, BALANCE=107.00}
сент. 09, 2026 8:40:27 PM diesel.Table saveToFile
INFO: Table USERS saved to file data\USERS.csv with 7 rows
сент. 09, 2026 8:40:27 PM diesel.QueryParser parse
INFO: Normalized query: INSERT INTO USERS (USER_CODE, NAME, AGE, BALANCE) VALUES ('CODE8', 'USER8', 26, 108.00)
сент. 09, 2026 8:40:27 PM diesel.QueryParser parseInsertQuery
INFO: Parsed INSERT query: table=USERS, columns=[USER_CODE, NAME, AGE, BALANCE], values=[CODE8, User8, 26, 108.00]
сент. 09, 2026 8:40:27 PM diesel.Table addRow
INFO: Inserted row into table USERS: {USER_CODE=CODE8, ID=8, NAME=User8, AGE=26, BALANCE=108.00}
сент. 09, 2026 8:40:27 PM diesel.InsertQuery insertRow
INFO: Inserted row into table USERS: {USER_CODE=CODE8, NAME=User8, AGE=26, BALANCE=108.00}
сент. 09, 2026 8:40:27 PM diesel.Table saveToFile
INFO: Table USERS saved to file data\USERS.csv with 8 rows
сент. 09, 2026 8:40:27 PM diesel.QueryParser parse
INFO: Normalized query: INSERT INTO USERS (USER_CODE, NAME, AGE, BALANCE) VALUES ('CODE9', 'USER9', 27, 109.00)
сент. 09, 2026 8:40:27 PM diesel.QueryParser parseInsertQuery
INFO: Parsed INSERT query: table=USERS, columns=[USER_CODE, NAME, AGE, BALANCE], values=[CODE9, User9, 27, 109.00]
сент. 09, 2026 8:40:27 PM diesel.Table addRow
INFO: Inserted row into table USERS: {USER_CODE=CODE9, ID=9, NAME=User9, AGE=27, BALANCE=109.00}
сент. 09, 2026 8:40:27 PM diesel.InsertQuery insertRow
INFO: Inserted row into table USERS: {USER_CODE=CODE9, NAME=User9, AGE=27, BALANCE=109.00}
сент. 09, 2026 8:40:27 PM diesel.Table saveToFile
INFO: Table USERS saved to file data\USERS.csv with 9 rows
сент. 09, 2026 8:40:27 PM diesel.QueryParser parse
INFO: Normalized query: INSERT INTO USERS (USER_CODE, NAME, AGE, BALANCE) VALUES ('CODE10', 'USER10', 28, 110.00)
сент. 09, 2026 8:40:27 PM diesel.QueryParser parseInsertQuery
INFO: Parsed INSERT query: table=USERS, columns=[USER_CODE, NAME, AGE, BALANCE], values=[CODE10, User10, 28, 110.00]
сент. 09, 2026 8:40:27 PM diesel.Table addRow
INFO: Inserted row into table USERS: {USER_CODE=CODE10, ID=10, NAME=User10, AGE=28, BALANCE=110.00}
сент. 09, 2026 8:40:27 PM diesel.InsertQuery insertRow
INFO: Inserted row into table USERS: {USER_CODE=CODE10, NAME=User10, AGE=28, BALANCE=110.00}
сент. 09, 2026 8:40:27 PM diesel.Table saveToFile
INFO: Table USERS saved to file data\USERS.csv with 10 rows
сент. 09, 2026 8:40:27 PM diesel.Table saveToFile
INFO: Table USERS saved to file data\USERS.csv with 10 rows
сент. 09, 2026 8:40:27 PM diesel.SubqueryParser parse
INFO: Parsing query: SELECT ID, NAME FROM USERS WHERE ID IN (SELECT ID FROM USERS WHERE AGE > 50) AS id_subquery LIMIT 10
сент. 09, 2026 8:40:27 PM diesel.SubqueryParser parseSelectQuery
INFO: Parsed SELECT query: table=USERS, columns=[ID, NAME], aggregates=[], joins=[], conditions=[USERS.ID IN (SELECT ID FROM USERS WHERE AGE > 50)]
сент. 09, 2026 8:40:27 PM diesel.QueryParser parse
INFO: Normalized query: SELECT ID FROM USERS WHERE AGE > 50
сент. 09, 2026 8:40:27 PM diesel.QueryParser handleMainFromToken
FINEST: Найден основной FROM на позиции 10 в запросе: SELECT ID FROM USERS WHERE AGE > 50
сент. 09, 2026 8:40:27 PM diesel.QueryParser parseSelectColumn
FINE: Разобран столбец: ID
сент. 09, 2026 8:40:27 PM diesel.QueryParser findClauseOutsideSubquery
FINEST: Допустимое GROUP BY не найдено вне подзапросов в запросе: USERS WHERE AGE > 50
сент. 09, 2026 8:40:27 PM diesel.QueryParser findClauseOutsideSubquery
FINEST: Допустимое ORDER BY не найдено вне подзапросов в запросе: USERS WHERE AGE > 50
сент. 09, 2026 8:40:27 PM diesel.QueryParser findClauseOutsideSubquery
FINEST: Допустимое LIMIT не найдено вне подзапросов в запросе: USERS WHERE AGE > 50
сент. 09, 2026 8:40:27 PM diesel.QueryParser findClauseOutsideSubquery
FINEST: Допустимое OFFSET не найдено вне подзапросов в запросе: USERS WHERE AGE > 50
сент. 09, 2026 8:40:27 PM diesel.QueryParser findClauseOutsideSubquery
FINEST: Найдено последнее WHERE на индексе 6 в запросе: USERS WHERE AGE > 50
сент. 09, 2026 8:40:27 PM diesel.QueryParser parseConditions
FINE: Начало парсинга условий: conditionStr=AGE > 50, defaultTableName=USERS, isJoinCondition=false
сент. 09, 2026 8:40:27 PM diesel.QueryParser parseConditions
FINE: Условие обрезано до: AGE > 50
сент. 09, 2026 8:40:27 PM diesel.QueryParser tokenizeConditions
FINEST: Processing token at position 0: AGE > 50
сент. 09, 2026 8:40:27 PM diesel.QueryParser matchOtherPatterns
FINEST: Паттерн {0} сработал, токен: AGE > 50, конец: 8
сент. 09, 2026 8:40:27 PM diesel.QueryParser processMatchedToken
FINEST: Добавлен токен условия: AGE > 50
сент. 09, 2026 8:40:27 PM diesel.QueryParser tokenizeConditions
FINE: Токенизация завершена, получено токенов: 1, токены: [Token{type=CONDITION, value='AGE > 50'}'}]
сент. 09, 2026 8:40:27 PM diesel.QueryParser parseSingleCondition
FINEST: Parsing single condition: AGE > 50, full condition=AGE > 50
сент. 09, 2026 8:40:27 PM diesel.QueryParser parseSingleCondition
FINEST: Передача в parseComparisonCondition: condStr=AGE > 50
сент. 09, 2026 8:40:27 PM diesel.QueryParser parseComparisonCondition
FINEST: Parsing comparison condition: AGE > 50
сент. 09, 2026 8:40:27 PM diesel.QueryParser parseTokenizedConditions
FINE: Добавлено одиночное условие: AGE GREATER_THAN 50
сент. 09, 2026 8:40:27 PM diesel.QueryParser parseSelectQuery
INFO: Разобран SELECT-запрос: таблица=USERS, столбцы=[ID], агрегации=[], соединения=[], условия=[AGE GREATER_THAN 50]
сент. 09, 2026 8:40:27 PM diesel.SelectQuery executeSelect
INFO: Selected 0 rows from table USERS with joins [], aggregates [], groupBy [], having=[], limit=null, offset=null, orderBy=[]
сент. 09, 2026 8:40:27 PM diesel.SelectQuery executeSelect
INFO: Selected 0 rows from table USERS with joins [], aggregates [], groupBy [], having=[], limit=10, offset=null, orderBy=[]
]]></system-err>
  </testcase>
  <testcase name="selectFromDerivedTableWithoutAlias" classname="diesel.SubqueriesTest" time="0.102">
    <system-err><![CDATA[сент. 09, 2026 8:40:27 PM diesel.QueryParser parse
INFO: Normalized query: CREATE TABLE USERS (ID LONG PRIMARY KEY SEQUENCE(ID_SEQ 1 1), USER_CODE STRING, NAME STRING, AGE INTEGER, BALANCE BIGDECIMAL)
сент. 09, 2026 8:40:27 PM diesel.QueryParser parseCreateTableQuery
INFO: Parsed CREATE TABLE query: table=USERS, columns=[ID, USER_CODE, NAME, AGE, BALANCE], types={AGE=class java.lang.Integer, BALANCE=class java.math.BigDecimal, ID=class java.lang.Long, NAME=class java.lang.String, USER_CODE=class java.lang.String}, primaryKey=ID, sequences=[ID]
сент. 09, 2026 8:40:27 PM diesel.Table createUniqueClusteredIndex
INFO: Created unique clustered B-tree index on column ID for table USERS
сент. 09, 2026 8:40:27 PM diesel.Table <init>
INFO: Created table: USERS with columns [ID, USER_CODE, NAME, AGE, BALANCE], types {AGE=class java.lang.Integer, BALANCE=class java.math.BigDecimal, ID=class java.lang.Long, NAME=class java.lang.String, USER_CODE=class java.lang.String}, primary key: ID, sequences: []
сент. 09, 2026 8:40:27 PM diesel.Database createTable
INFO: Created table USERS with primary key ID
сент. 09, 2026 8:40:27 PM diesel.QueryParser parse
INFO: Normalized query: CREATE UNIQUE INDEX ON USERS (ID)
сент. 09, 2026 8:40:27 PM diesel.Table createUniqueIndex
INFO: Created unique index on column ID for table USERS
сент. 09, 2026 8:40:27 PM diesel.QueryParser parse
INFO: Normalized query: CREATE INDEX ON USERS (AGE)
сент. 09, 2026 8:40:27 PM diesel.Table createBTreeIndex
INFO: Created B-tree index on column AGE for table USERS
сент. 09, 2026 8:40:27 PM diesel.QueryParser parse
INFO: Normalized query: CREATE HASH INDEX ON USERS (NAME)
сент. 09, 2026 8:40:27 PM diesel.Table createHashIndex
INFO: Created hash index on column NAME for table USERS
сент. 09, 2026 8:40:27 PM diesel.QueryParser parse
INFO: Normalized query: CREATE UNIQUE INDEX ON USERS (USER_CODE)
сент. 09, 2026 8:40:27 PM diesel.Table createUniqueIndex
INFO: Created unique index on column USER_CODE for table USERS
сент. 09, 2026 8:40:27 PM diesel.QueryParser parse
INFO: Normalized query: INSERT INTO USERS (USER_CODE, NAME, AGE, BALANCE) VALUES ('CODE1', 'USER1', 19, 101.00)
сент. 09, 2026 8:40:27 PM diesel.QueryParser parseInsertQuery
INFO: Parsed INSERT query: table=USERS, columns=[USER_CODE, NAME, AGE, BALANCE], values=[CODE1, User1, 19, 101.00]
сент. 09, 2026 8:40:27 PM diesel.Table addRow
INFO: Inserted row into table USERS: {USER_CODE=CODE1, ID=1, NAME=User1, AGE=19, BALANCE=101.00}
сент. 09, 2026 8:40:27 PM diesel.InsertQuery insertRow
INFO: Inserted row into table USERS: {USER_CODE=CODE1, NAME=User1, AGE=19, BALANCE=101.00}
сент. 09, 2026 8:40:27 PM diesel.Table saveToFile
INFO: Table USERS saved to file data\USERS.csv with 1 rows
сент. 09, 2026 8:40:27 PM diesel.QueryParser parse
INFO: Normalized query: INSERT INTO USERS (USER_CODE, NAME, AGE, BALANCE) VALUES ('CODE2', 'USER2', 20, 102.00)
сент. 09, 2026 8:40:27 PM diesel.QueryParser parseInsertQuery
INFO: Parsed INSERT query: table=USERS, columns=[USER_CODE, NAME, AGE, BALANCE], values=[CODE2, User2, 20, 102.00]
сент. 09, 2026 8:40:27 PM diesel.Table addRow
INFO: Inserted row into table USERS: {USER_CODE=CODE2, ID=2, NAME=User2, AGE=20, BALANCE=102.00}
сент. 09, 2026 8:40:27 PM diesel.InsertQuery insertRow
INFO: Inserted row into table USERS: {USER_CODE=CODE2, NAME=User2, AGE=20, BALANCE=102.00}
сент. 09, 2026 8:40:27 PM diesel.Table saveToFile
INFO: Table USERS saved to file data\USERS.csv with 2 rows
сент. 09, 2026 8:40:27 PM diesel.QueryParser parse
INFO: Normalized query: INSERT INTO USERS (USER_CODE, NAME, AGE, BALANCE) VALUES ('CODE3', 'USER3', 21, 103.00)
сент. 09, 2026 8:40:27 PM diesel.QueryParser parseInsertQuery
INFO: Parsed INSERT query: table=USERS, columns=[USER_CODE, NAME, AGE, BALANCE], values=[CODE3, User3, 21, 103.00]
сент. 09, 2026 8:40:27 PM diesel.Table addRow
INFO: Inserted row into table USERS: {USER_CODE=CODE3, ID=3, NAME=User3, AGE=21, BALANCE=103.00}
сент. 09, 2026 8:40:27 PM diesel.InsertQuery insertRow
INFO: Inserted row into table USERS: {USER_CODE=CODE3, NAME=User3, AGE=21, BALANCE=103.00}
сент. 09, 2026 8:40:27 PM diesel.Table saveToFile
INFO: Table USERS saved to file data\USERS.csv with 3 rows
сент. 09, 2026 8:40:27 PM diesel.QueryParser parse
INFO: Normalized query: INSERT INTO USERS (USER_CODE, NAME, AGE, BALANCE) VALUES ('CODE4', 'USER4', 22, 104.00)
сент. 09, 2026 8:40:27 PM diesel.QueryParser parseInsertQuery
INFO: Parsed INSERT query: table=USERS, columns=[USER_CODE, NAME, AGE, BALANCE], values=[CODE4, User4, 22, 104.00]
сент. 09, 2026 8:40:27 PM diesel.Table addRow
INFO: Inserted row into table USERS: {USER_CODE=CODE4, ID=4, NAME=User4, AGE=22, BALANCE=104.00}
сент. 09, 2026 8:40:27 PM diesel.InsertQuery insertRow
INFO: Inserted row into table USERS: {USER_CODE=CODE4, NAME=User4, AGE=22, BALANCE=104.00}
сент. 09, 2026 8:40:27 PM diesel.Table saveToFile
INFO: Table USERS saved to file data\USERS.csv with 4 rows
сент. 09, 2026 8:40:27 PM diesel.QueryParser parse
INFO: Normalized query: INSERT INTO USERS (USER_CODE, NAME, AGE, BALANCE) VALUES ('CODE5', 'USER5', 23, 105.00)
сент. 09, 2026 8:40:27 PM diesel.QueryParser parseInsertQuery
INFO: Parsed INSERT query: table=USERS, columns=[USER_CODE, NAME, AGE, BALANCE], values=[CODE5, User5, 23, 105.00]
сент. 09, 2026 8:40:27 PM diesel.Table addRow
INFO: Inserted row into table USERS: {USER_CODE=CODE5, ID=5, NAME=User5, AGE=23, BALANCE=105.00}
сент. 09, 2026 8:40:27 PM diesel.InsertQuery insertRow
INFO: Inserted row into table USERS: {USER_CODE=CODE5, NAME=User5, AGE=23, BALANCE=105.00}
сент. 09, 2026 8:40:27 PM diesel.Table saveToFile
INFO: Table USERS saved to file data\USERS.csv with 5 rows
сент. 09, 2026 8:40:27 PM diesel.QueryParser parse
INFO: Normalized query: INSERT INTO USERS (USER_CODE, NAME, AGE, BALANCE) VALUES ('CODE6', 'USER6', 24, 106.00)
сент. 09, 2026 8:40:27 PM diesel.QueryParser parseInsertQuery
INFO: Parsed INSERT query: table=USERS, columns=[USER_CODE, NAME, AGE, BALANCE], values=[CODE6, User6, 24, 106.00]
сент. 09, 2026 8:40:27 PM diesel.Table addRow
INFO: Inserted row into table USERS: {USER_CODE=CODE6, ID=6, NAME=User6, AGE=24, BALANCE=106.00}
сент. 09, 2026 8:40:27 PM diesel.InsertQuery insertRow
INFO: Inserted row into table USERS: {USER_CODE=CODE6, NAME=User6, AGE=24, BALANCE=106.00}
сент. 09, 2026 8:40:27 PM diesel.Table saveToFile
INFO: Table USERS saved to file data\USERS.csv with 6 rows
сент. 09, 2026 8:40:27 PM diesel.QueryParser parse
INFO: Normalized query: INSERT INTO USERS (USER_CODE, NAME, AGE, BALANCE) VALUES ('CODE7', 'USER7', 25, 107.00)
сент. 09, 2026 8:40:27 PM diesel.QueryParser parseInsertQuery
INFO: Parsed INSERT query: table=USERS, columns=[USER_CODE, NAME, AGE, BALANCE], values=[CODE7, User7, 25, 107.00]
сент. 09, 2026 8:40:27 PM diesel.Table addRow
INFO: Inserted row into table USERS: {USER_CODE=CODE7, ID=7, NAME=User7, AGE=25, BALANCE=107.00}
сент. 09, 2026 8:40:27 PM diesel.InsertQuery insertRow
INFO: Inserted row into table USERS: {USER_CODE=CODE7, NAME=User7, AGE=25, BALANCE=107.00}
сент. 09, 2026 8:40:27 PM diesel.Table saveToFile
INFO: Table USERS saved to file data\USERS.csv with 7 rows
сент. 09, 2026 8:40:27 PM diesel.QueryParser parse
INFO: Normalized query: INSERT INTO USERS (USER_CODE, NAME, AGE, BALANCE) VALUES ('CODE8', 'USER8', 26, 108.00)
сент. 09, 2026 8:40:27 PM diesel.QueryParser parseInsertQuery
INFO: Parsed INSERT query: table=USERS, columns=[USER_CODE, NAME, AGE, BALANCE], values=[CODE8, User8, 26, 108.00]
сент. 09, 2026 8:40:27 PM diesel.Table addRow
INFO: Inserted row into table USERS: {USER_CODE=CODE8, ID=8, NAME=User8, AGE=26, BALANCE=108.00}
сент. 09, 2026 8:40:27 PM diesel.InsertQuery insertRow
INFO: Inserted row into table USERS: {USER_CODE=CODE8, NAME=User8, AGE=26, BALANCE=108.00}
сент. 09, 2026 8:40:27 PM diesel.Table saveToFile
INFO: Table USERS saved to file data\USERS.csv with 8 rows
сент. 09, 2026 8:40:27 PM diesel.QueryParser parse
INFO: Normalized query: INSERT INTO USERS (USER_CODE, NAME, AGE, BALANCE) VALUES ('CODE9', 'USER9', 27, 109.00)
сент. 09, 2026 8:40:27 PM diesel.QueryParser parseInsertQuery
INFO: Parsed INSERT query: table=USERS, columns=[USER_CODE, NAME, AGE, BALANCE], values=[CODE9, User9, 27, 109.00]
сент. 09, 2026 8:40:27 PM diesel.Table addRow
INFO: Inserted row into table USERS: {USER_CODE=CODE9, ID=9, NAME=User9, AGE=27, BALANCE=109.00}
сент. 09, 2026 8:40:27 PM diesel.InsertQuery insertRow
INFO: Inserted row into table USERS: {USER_CODE=CODE9, NAME=User9, AGE=27, BALANCE=109.00}
сент. 09, 2026 8:40:27 PM diesel.Table saveToFile
INFO: Table USERS saved to file data\USERS.csv with 9 rows
сент. 09, 2026 8:40:27 PM diesel.QueryParser parse
INFO: Normalized query: INSERT INTO USERS (USER_CODE, NAME, AGE, BALANCE) VALUES ('CODE10', 'USER10', 28, 110.00)
сент. 09, 2026 8:40:27 PM diesel.QueryParser parseInsertQuery
INFO: Parsed INSERT query: table=USERS, columns=[USER_CODE, NAME, AGE, BALANCE], values=[CODE10, User10, 28, 110.00]
сент. 09, 2026 8:40:27 PM diesel.Table addRow
INFO: Inserted row into table USERS: {USER_CODE=CODE10, ID=10, NAME=User10, AGE=28, BALANCE=110.00}
сент. 09, 2026 8:40:27 PM diesel.InsertQuery insertRow
INFO: Inserted row into table USERS: {USER_CODE=CODE10, NAME=User10, AGE=28, BALANCE=110.00}
сент. 09, 2026 8:40:27 PM diesel.Table saveToFile
INFO: Table USERS saved to file data\USERS.csv with 10 rows
сент. 09, 2026 8:40:27 PM diesel.Table saveToFile
INFO: Table USERS saved to file data\USERS.csv with 10 rows
сент. 09, 2026 8:40:27 PM diesel.SubqueryParser parse
INFO: Parsing query: SELECT * FROM (SELECT ID FROM USERS WHERE AGE > 0 LIMIT 3)
сент. 09, 2026 8:40:27 PM diesel.SubqueryParser parseTableAndJoins
INFO: Parsed derived main table: subquery=SELECT ID FROM USERS WHERE AGE > 0 LIMIT 3, alias=null
сент. 09, 2026 8:40:27 PM diesel.QueryParser parse
INFO: Normalized query: SELECT ID FROM USERS WHERE AGE > 0 LIMIT 3
сент. 09, 2026 8:40:27 PM diesel.QueryParser handleMainFromToken
FINEST: Найден основной FROM на позиции 10 в запросе: SELECT ID FROM USERS WHERE AGE > 0 LIMIT 3
сент. 09, 2026 8:40:27 PM diesel.QueryParser parseSelectColumn
FINE: Разобран столбец: ID
сент. 09, 2026 8:40:27 PM diesel.QueryParser findClauseOutsideSubquery
FINEST: Допустимое GROUP BY не найдено вне подзапросов в запросе: USERS WHERE AGE > 0 LIMIT 3
сент. 09, 2026 8:40:27 PM diesel.QueryParser findClauseOutsideSubquery
FINEST: Допустимое ORDER BY не найдено вне подзапросов в запросе: USERS WHERE AGE > 0 LIMIT 3
сент. 09, 2026 8:40:27 PM diesel.QueryParser findClauseOutsideSubquery
FINEST: Найдено последнее LIMIT на индексе 20 в запросе: USERS WHERE AGE > 0 LIMIT 3
сент. 09, 2026 8:40:27 PM diesel.QueryParser findClauseOutsideSubquery
FINEST: Найдено последнее WHERE на индексе 6 в запросе: USERS WHERE AGE > 0
сент. 09, 2026 8:40:27 PM diesel.QueryParser parseConditions
FINE: Начало парсинга условий: conditionStr=AGE > 0, defaultTableName=USERS, isJoinCondition=false
сент. 09, 2026 8:40:27 PM diesel.QueryParser parseConditions
FINE: Условие обрезано до: AGE > 0
сент. 09, 2026 8:40:27 PM diesel.QueryParser tokenizeConditions
FINEST: Processing token at position 0: AGE > 0
сент. 09, 2026 8:40:27 PM diesel.QueryParser matchOtherPatterns
FINEST: Паттерн {0} сработал, токен: AGE > 0, конец: 7
сент. 09, 2026 8:40:27 PM diesel.QueryParser processMatchedToken
FINEST: Добавлен токен условия: AGE > 0
сент. 09, 2026 8:40:27 PM diesel.QueryParser tokenizeConditions
FINE: Токенизация завершена, получено токенов: 1, токены: [Token{type=CONDITION, value='AGE > 0'}'}]
сент. 09, 2026 8:40:27 PM diesel.QueryParser parseSingleCondition
FINEST: Parsing single condition: AGE > 0, full condition=AGE > 0
сент. 09, 2026 8:40:27 PM diesel.QueryParser parseSingleCondition
FINEST: Передача в parseComparisonCondition: condStr=AGE > 0
сент. 09, 2026 8:40:27 PM diesel.QueryParser parseComparisonCondition
FINEST: Parsing comparison condition: AGE > 0
сент. 09, 2026 8:40:27 PM diesel.QueryParser parseTokenizedConditions
FINE: Добавлено одиночное условие: AGE GREATER_THAN 0
сент. 09, 2026 8:40:27 PM diesel.QueryParser parseSelectQuery
INFO: Разобран SELECT-запрос: таблица=USERS, столбцы=[ID], агрегации=[], соединения=[], условия=[AGE GREATER_THAN 0]
сент. 09, 2026 8:40:27 PM diesel.SelectQuery executeSelect
INFO: Selected 3 rows from table USERS with joins [], aggregates [], groupBy [], having=[], limit=3, offset=null, orderBy=[]
сент. 09, 2026 8:40:27 PM diesel.Table <init>
INFO: Created table: DERIVED_1433137643 with columns [ID], types {ID=class java.lang.Long}, primary key: null, sequences: []
сент. 09, 2026 8:40:27 PM diesel.Table addRow
INFO: Inserted row into table DERIVED_1433137643: {ID=1}
сент. 09, 2026 8:40:27 PM diesel.Table addRow
INFO: Inserted row into table DERIVED_1433137643: {ID=2}
сент. 09, 2026 8:40:27 PM diesel.Table addRow
INFO: Inserted row into table DERIVED_1433137643: {ID=3}
сент. 09, 2026 8:40:27 PM diesel.SubqueryParser materializeDerivedTable
INFO: Materialized derived table DERIVED_1433137643 with 3 rows and columns [ID]
сент. 09, 2026 8:40:27 PM diesel.SubqueryParser parseSelectQuery
INFO: Parsed SELECT query: table=DERIVED_1433137643, columns=[*], aggregates=[], joins=[], conditions=[]
сент. 09, 2026 8:40:27 PM diesel.SelectQuery executeSelect
INFO: Selected 3 rows from table DERIVED_1433137643 with joins [], aggregates [], groupBy [], having=[], limit=null, offset=null, orderBy=[]
]]></system-err>
  </testcase>
  <testcase name="selectWithSubqueryInColumnWhereOrderBy" classname="diesel.SubqueriesTest" time="0.126">
    <system-err><![CDATA[сент. 09, 2026 8:40:27 PM diesel.QueryParser parse
INFO: Normalized query: CREATE TABLE USERS (ID LONG PRIMARY KEY SEQUENCE(ID_SEQ 1 1), USER_CODE STRING, NAME STRING, AGE INTEGER, BALANCE BIGDECIMAL)
сент. 09, 2026 8:40:27 PM diesel.QueryParser parseCreateTableQuery
INFO: Parsed CREATE TABLE query: table=USERS, columns=[ID, USER_CODE, NAME, AGE, BALANCE], types={AGE=class java.lang.Integer, BALANCE=class java.math.BigDecimal, ID=class java.lang.Long, NAME=class java.lang.String, USER_CODE=class java.lang.String}, primaryKey=ID, sequences=[ID]
сент. 09, 2026 8:40:27 PM diesel.Table createUniqueClusteredIndex
INFO: Created unique clustered B-tree index on column ID for table USERS
сент. 09, 2026 8:40:27 PM diesel.Table <init>
INFO: Created table: USERS with columns [ID, USER_CODE, NAME, AGE, BALANCE], types {AGE=class java.lang.Integer, BALANCE=class java.math.BigDecimal, ID=class java.lang.Long, NAME=class java.lang.String, USER_CODE=class java.lang.String}, primary key: ID, sequences: []
сент. 09, 2026 8:40:27 PM diesel.Database createTable
INFO: Created table USERS with primary key ID
сент. 09, 2026 8:40:27 PM diesel.QueryParser parse
INFO: Normalized query: CREATE UNIQUE INDEX ON USERS (ID)
сент. 09, 2026 8:40:27 PM diesel.Table createUniqueIndex
INFO: Created unique index on column ID for table USERS
сент. 09, 2026 8:40:27 PM diesel.QueryParser parse
INFO: Normalized query: CREATE INDEX ON USERS (AGE)
сент. 09, 2026 8:40:27 PM diesel.Table createBTreeIndex
INFO: Created B-tree index on column AGE for table USERS
сент. 09, 2026 8:40:27 PM diesel.QueryParser parse
INFO: Normalized query: CREATE HASH INDEX ON USERS (NAME)
сент. 09, 2026 8:40:27 PM diesel.Table createHashIndex
INFO: Created hash index on column NAME for table USERS
сент. 09, 2026 8:40:27 PM diesel.QueryParser parse
INFO: Normalized query: CREATE UNIQUE INDEX ON USERS (USER_CODE)
сент. 09, 2026 8:40:27 PM diesel.Table createUniqueIndex
INFO: Created unique index on column USER_CODE for table USERS
сент. 09, 2026 8:40:27 PM diesel.QueryParser parse
INFO: Normalized query: INSERT INTO USERS (USER_CODE, NAME, AGE, BALANCE) VALUES ('CODE1', 'USER1', 19, 101.00)
сент. 09, 2026 8:40:27 PM diesel.QueryParser parseInsertQuery
INFO: Parsed INSERT query: table=USERS, columns=[USER_CODE, NAME, AGE, BALANCE], values=[CODE1, User1, 19, 101.00]
сент. 09, 2026 8:40:27 PM diesel.Table addRow
INFO: Inserted row into table USERS: {USER_CODE=CODE1, ID=1, NAME=User1, AGE=19, BALANCE=101.00}
сент. 09, 2026 8:40:27 PM diesel.InsertQuery insertRow
INFO: Inserted row into table USERS: {USER_CODE=CODE1, NAME=User1, AGE=19, BALANCE=101.00}
сент. 09, 2026 8:40:27 PM diesel.Table saveToFile
INFO: Table USERS saved to file data\USERS.csv with 1 rows
сент. 09, 2026 8:40:27 PM diesel.QueryParser parse
INFO: Normalized query: INSERT INTO USERS (USER_CODE, NAME, AGE, BALANCE) VALUES ('CODE2', 'USER2', 20, 102.00)
сент. 09, 2026 8:40:27 PM diesel.QueryParser parseInsertQuery
INFO: Parsed INSERT query: table=USERS, columns=[USER_CODE, NAME, AGE, BALANCE], values=[CODE2, User2, 20, 102.00]
сент. 09, 2026 8:40:27 PM diesel.Table addRow
INFO: Inserted row into table USERS: {USER_CODE=CODE2, ID=2, NAME=User2, AGE=20, BALANCE=102.00}
сент. 09, 2026 8:40:27 PM diesel.InsertQuery insertRow
INFO: Inserted row into table USERS: {USER_CODE=CODE2, NAME=User2, AGE=20, BALANCE=102.00}
сент. 09, 2026 8:40:27 PM diesel.Table saveToFile
INFO: Table USERS saved to file data\USERS.csv with 2 rows
сент. 09, 2026 8:40:27 PM diesel.QueryParser parse
INFO: Normalized query: INSERT INTO USERS (USER_CODE, NAME, AGE, BALANCE) VALUES ('CODE3', 'USER3', 21, 103.00)
сент. 09, 2026 8:40:27 PM diesel.QueryParser parseInsertQuery
INFO: Parsed INSERT query: table=USERS, columns=[USER_CODE, NAME, AGE, BALANCE], values=[CODE3, User3, 21, 103.00]
сент. 09, 2026 8:40:27 PM diesel.Table addRow
INFO: Inserted row into table USERS: {USER_CODE=CODE3, ID=3, NAME=User3, AGE=21, BALANCE=103.00}
сент. 09, 2026 8:40:27 PM diesel.InsertQuery insertRow
INFO: Inserted row into table USERS: {USER_CODE=CODE3, NAME=User3, AGE=21, BALANCE=103.00}
сент. 09, 2026 8:40:27 PM diesel.Table saveToFile
INFO: Table USERS saved to file data\USERS.csv with 3 rows
сент. 09, 2026 8:40:27 PM diesel.QueryParser parse
INFO: Normalized query: INSERT INTO USERS (USER_CODE, NAME, AGE, BALANCE) VALUES ('CODE4', 'USER4', 22, 104.00)
сент. 09, 2026 8:40:27 PM diesel.QueryParser parseInsertQuery
INFO: Parsed INSERT query: table=USERS, columns=[USER_CODE, NAME, AGE, BALANCE], values=[CODE4, User4, 22, 104.00]
сент. 09, 2026 8:40:27 PM diesel.Table addRow
INFO: Inserted row into table USERS: {USER_CODE=CODE4, ID=4, NAME=User4, AGE=22, BALANCE=104.00}
сент. 09, 2026 8:40:27 PM diesel.InsertQuery insertRow
INFO: Inserted row into table USERS: {USER_CODE=CODE4, NAME=User4, AGE=22, BALANCE=104.00}
сент. 09, 2026 8:40:27 PM diesel.Table saveToFile
INFO: Table USERS saved to file data\USERS.csv with 4 rows
сент. 09, 2026 8:40:27 PM diesel.QueryParser parse
INFO: Normalized query: INSERT INTO USERS (USER_CODE, NAME, AGE, BALANCE) VALUES ('CODE5', 'USER5', 23, 105.00)
сент. 09, 2026 8:40:27 PM diesel.QueryParser parseInsertQuery
INFO: Parsed INSERT query: table=USERS, columns=[USER_CODE, NAME, AGE, BALANCE], values=[CODE5, User5, 23, 105.00]
сент. 09, 2026 8:40:27 PM diesel.Table addRow
INFO: Inserted row into table USERS: {USER_CODE=CODE5, ID=5, NAME=User5, AGE=23, BALANCE=105.00}
сент. 09, 2026 8:40:27 PM diesel.InsertQuery insertRow
INFO: Inserted row into table USERS: {USER_CODE=CODE5, NAME=User5, AGE=23, BALANCE=105.00}
сент. 09, 2026 8:40:27 PM diesel.Table saveToFile
INFO: Table USERS saved to file data\USERS.csv with 5 rows
сент. 09, 2026 8:40:27 PM diesel.QueryParser parse
INFO: Normalized query: INSERT INTO USERS (USER_CODE, NAME, AGE, BALANCE) VALUES ('CODE6', 'USER6', 24, 106.00)
сент. 09, 2026 8:40:27 PM diesel.QueryParser parseInsertQuery
INFO: Parsed INSERT query: table=USERS, columns=[USER_CODE, NAME, AGE, BALANCE], values=[CODE6, User6, 24, 106.00]
сент. 09, 2026 8:40:27 PM diesel.Table addRow
INFO: Inserted row into table USERS: {USER_CODE=CODE6, ID=6, NAME=User6, AGE=24, BALANCE=106.00}
сент. 09, 2026 8:40:27 PM diesel.InsertQuery insertRow
INFO: Inserted row into table USERS: {USER_CODE=CODE6, NAME=User6, AGE=24, BALANCE=106.00}
сент. 09, 2026 8:40:27 PM diesel.Table saveToFile
INFO: Table USERS saved to file data\USERS.csv with 6 rows
сент. 09, 2026 8:40:27 PM diesel.QueryParser parse
INFO: Normalized query: INSERT INTO USERS (USER_CODE, NAME, AGE, BALANCE) VALUES ('CODE7', 'USER7', 25, 107.00)
сент. 09, 2026 8:40:27 PM diesel.QueryParser parseInsertQuery
INFO: Parsed INSERT query: table=USERS, columns=[USER_CODE, NAME, AGE, BALANCE], values=[CODE7, User7, 25, 107.00]
сент. 09, 2026 8:40:27 PM diesel.Table addRow
INFO: Inserted row into table USERS: {USER_CODE=CODE7, ID=7, NAME=User7, AGE=25, BALANCE=107.00}
сент. 09, 2026 8:40:27 PM diesel.InsertQuery insertRow
INFO: Inserted row into table USERS: {USER_CODE=CODE7, NAME=User7, AGE=25, BALANCE=107.00}
сент. 09, 2026 8:40:27 PM diesel.Table saveToFile
INFO: Table USERS saved to file data\USERS.csv with 7 rows
сент. 09, 2026 8:40:27 PM diesel.QueryParser parse
INFO: Normalized query: INSERT INTO USERS (USER_CODE, NAME, AGE, BALANCE) VALUES ('CODE8', 'USER8', 26, 108.00)
сент. 09, 2026 8:40:27 PM diesel.QueryParser parseInsertQuery
INFO: Parsed INSERT query: table=USERS, columns=[USER_CODE, NAME, AGE, BALANCE], values=[CODE8, User8, 26, 108.00]
сент. 09, 2026 8:40:27 PM diesel.Table addRow
INFO: Inserted row into table USERS: {USER_CODE=CODE8, ID=8, NAME=User8, AGE=26, BALANCE=108.00}
сент. 09, 2026 8:40:27 PM diesel.InsertQuery insertRow
INFO: Inserted row into table USERS: {USER_CODE=CODE8, NAME=User8, AGE=26, BALANCE=108.00}
сент. 09, 2026 8:40:27 PM diesel.Table saveToFile
INFO: Table USERS saved to file data\USERS.csv with 8 rows
сент. 09, 2026 8:40:27 PM diesel.QueryParser parse
INFO: Normalized query: INSERT INTO USERS (USER_CODE, NAME, AGE, BALANCE) VALUES ('CODE9', 'USER9', 27, 109.00)
сент. 09, 2026 8:40:27 PM diesel.QueryParser parseInsertQuery
INFO: Parsed INSERT query: table=USERS, columns=[USER_CODE, NAME, AGE, BALANCE], values=[CODE9, User9, 27, 109.00]
сент. 09, 2026 8:40:27 PM diesel.Table addRow
INFO: Inserted row into table USERS: {USER_CODE=CODE9, ID=9, NAME=User9, AGE=27, BALANCE=109.00}
сент. 09, 2026 8:40:27 PM diesel.InsertQuery insertRow
INFO: Inserted row into table USERS: {USER_CODE=CODE9, NAME=User9, AGE=27, BALANCE=109.00}
сент. 09, 2026 8:40:27 PM diesel.Table saveToFile
INFO: Table USERS saved to file data\USERS.csv with 9 rows
сент. 09, 2026 8:40:27 PM diesel.QueryParser parse
INFO: Normalized query: INSERT INTO USERS (USER_CODE, NAME, AGE, BALANCE) VALUES ('CODE10', 'USER10', 28, 110.00)
сент. 09, 2026 8:40:27 PM diesel.QueryParser parseInsertQuery
INFO: Parsed INSERT query: table=USERS, columns=[USER_CODE, NAME, AGE, BALANCE], values=[CODE10, User10, 28, 110.00]
сент. 09, 2026 8:40:27 PM diesel.Table addRow
INFO: Inserted row into table USERS: {USER_CODE=CODE10, ID=10, NAME=User10, AGE=28, BALANCE=110.00}
сент. 09, 2026 8:40:27 PM diesel.InsertQuery insertRow
INFO: Inserted row into table USERS: {USER_CODE=CODE10, NAME=User10, AGE=28, BALANCE=110.00}
сент. 09, 2026 8:40:27 PM diesel.Table saveToFile
INFO: Table USERS saved to file data\USERS.csv with 10 rows
сент. 09, 2026 8:40:27 PM diesel.Table saveToFile
INFO: Table USERS saved to file data\USERS.csv with 10 rows
сент. 09, 2026 8:40:27 PM diesel.SubqueryParser parse
INFO: Parsing query: SELECT ID, (SELECT NAME FROM USERS WHERE ID = u.ID LIMIT 1) AS user_name FROM USERS u WHERE AGE > (SELECT AGE FROM USERS WHERE ID = 500 LIMIT 1) ORDER BY (SELECT NAME FROM USERS WHERE ID = u.ID LIMIT 1) LIMIT 10
сент. 09, 2026 8:40:27 PM diesel.QueryParser parse
INFO: Normalized query: SELECT NAME FROM USERS WHERE ID = U.ID LIMIT 1
сент. 09, 2026 8:40:27 PM diesel.QueryParser handleMainFromToken
FINEST: Найден основной FROM на позиции 12 в запросе: SELECT NAME FROM USERS WHERE ID = u.ID LIMIT 1
сент. 09, 2026 8:40:27 PM diesel.QueryParser parseSelectColumn
FINE: Разобран столбец: NAME
сент. 09, 2026 8:40:27 PM diesel.QueryParser findClauseOutsideSubquery
FINEST: Допустимое GROUP BY не найдено вне подзапросов в запросе: USERS WHERE ID = u.ID LIMIT 1
сент. 09, 2026 8:40:27 PM diesel.QueryParser findClauseOutsideSubquery
FINEST: Допустимое ORDER BY не найдено вне подзапросов в запросе: USERS WHERE ID = u.ID LIMIT 1
сент. 09, 2026 8:40:27 PM diesel.QueryParser findClauseOutsideSubquery
FINEST: Найдено последнее LIMIT на индексе 22 в запросе: USERS WHERE ID = u.ID LIMIT 1
сент. 09, 2026 8:40:27 PM diesel.QueryParser findClauseOutsideSubquery
FINEST: Найдено последнее WHERE на индексе 6 в запросе: USERS WHERE ID = u.ID
сент. 09, 2026 8:40:27 PM diesel.QueryParser parseConditions
FINE: Начало парсинга условий: conditionStr=ID = u.ID, defaultTableName=USERS, isJoinCondition=false
сент. 09, 2026 8:40:27 PM diesel.QueryParser parseConditions
FINE: Условие обрезано до: ID = u.ID
сент. 09, 2026 8:40:27 PM diesel.QueryParser tokenizeConditions
FINEST: Processing token at position 0: ID = u.ID
сент. 09, 2026 8:40:27 PM diesel.QueryParser matchOtherPatterns
FINEST: Паттерн {0} сработал, токен: ID = u.ID, конец: 9
сент. 09, 2026 8:40:27 PM diesel.QueryParser processMatchedToken
FINEST: Добавлен токен условия: ID = u.ID
сент. 09, 2026 8:40:27 PM diesel.QueryParser tokenizeConditions
FINE: Токенизация завершена, получено токенов: 1, токены: [Token{type=CONDITION, value='ID = u.ID'}'}]
сент. 09, 2026 8:40:27 PM diesel.QueryParser parseSingleCondition
FINEST: Parsing single condition: ID = u.ID, full condition=ID = u.ID
сент. 09, 2026 8:40:27 PM diesel.QueryParser parseSingleCondition
FINEST: Передача в parseComparisonCondition: condStr=ID = u.ID
сент. 09, 2026 8:40:27 PM diesel.QueryParser parseComparisonCondition
FINEST: Parsing comparison condition: ID = u.ID
сент. 09, 2026 8:40:27 PM diesel.QueryParser parseTokenizedConditions
FINE: Добавлено одиночное условие: ID EQUALS u.ID
сент. 09, 2026 8:40:27 PM diesel.QueryParser parseSelectQuery
INFO: Разобран SELECT-запрос: таблица=USERS, столбцы=[NAME], агрегации=[], соединения=[], условия=[ID EQUALS u.ID]
сент. 09, 2026 8:40:27 PM diesel.QueryParser parse
INFO: Normalized query: SELECT NAME FROM USERS WHERE ID = U.ID LIMIT 1
сент. 09, 2026 8:40:27 PM diesel.QueryParser handleMainFromToken
FINEST: Найден основной FROM на позиции 12 в запросе: SELECT NAME FROM USERS WHERE ID = u.ID LIMIT 1
сент. 09, 2026 8:40:27 PM diesel.QueryParser parseSelectColumn
FINE: Разобран столбец: NAME
сент. 09, 2026 8:40:27 PM diesel.QueryParser findClauseOutsideSubquery
FINEST: Допустимое GROUP BY не найдено вне подзапросов в запросе: USERS WHERE ID = u.ID LIMIT 1
сент. 09, 2026 8:40:27 PM diesel.QueryParser findClauseOutsideSubquery
FINEST: Допустимое ORDER BY не найдено вне подзапросов в запросе: USERS WHERE ID = u.ID LIMIT 1
сент. 09, 2026 8:40:27 PM diesel.QueryParser findClauseOutsideSubquery
FINEST: Найдено последнее LIMIT на индексе 22 в запросе: USERS WHERE ID = u.ID LIMIT 1
сент. 09, 2026 8:40:27 PM diesel.QueryParser findClauseOutsideSubquery
FINEST: Найдено последнее WHERE на индексе 6 в запросе: USERS WHERE ID = u.ID
сент. 09, 2026 8:40:27 PM diesel.QueryParser parseConditions
FINE: Начало парсинга условий: conditionStr=ID = u.ID, defaultTableName=USERS, isJoinCondition=false
сент. 09, 2026 8:40:27 PM diesel.QueryParser parseConditions
FINE: Условие обрезано до: ID = u.ID
сент. 09, 2026 8:40:27 PM diesel.QueryParser tokenizeConditions
FINEST: Processing token at position 0: ID = u.ID
сент. 09, 2026 8:40:27 PM diesel.QueryParser matchOtherPatterns
FINEST: Паттерн {0} сработал, токен: ID = u.ID, конец: 9
сент. 09, 2026 8:40:27 PM diesel.QueryParser processMatchedToken
FINEST: Добавлен токен условия: ID = u.ID
сент. 09, 2026 8:40:27 PM diesel.QueryParser tokenizeConditions
FINE: Токенизация завершена, получено токенов: 1, токены: [Token{type=CONDITION, value='ID = u.ID'}'}]
сент. 09, 2026 8:40:27 PM diesel.QueryParser parseSingleCondition
FINEST: Parsing single condition: ID = u.ID, full condition=ID = u.ID
сент. 09, 2026 8:40:27 PM diesel.QueryParser parseSingleCondition
FINEST: Передача в parseComparisonCondition: condStr=ID = u.ID
сент. 09, 2026 8:40:27 PM diesel.QueryParser parseComparisonCondition
FINEST: Parsing comparison condition: ID = u.ID
сент. 09, 2026 8:40:27 PM diesel.QueryParser parseTokenizedConditions
FINE: Добавлено одиночное условие: ID EQUALS u.ID
сент. 09, 2026 8:40:27 PM diesel.QueryParser parseSelectQuery
INFO: Разобран SELECT-запрос: таблица=USERS, столбцы=[NAME], агрегации=[], соединения=[], условия=[ID EQUALS u.ID]
сент. 09, 2026 8:40:27 PM diesel.SubqueryParser parseSelectQuery
INFO: Parsed SELECT query: table=USERS, columns=[ID], aggregates=[], joins=[], conditions=[USERS.AGE GREATER_THAN (SELECT AGE FROM USERS WHERE ID = 500 LIMIT 1)]
сент. 09, 2026 8:40:27 PM diesel.QueryParser parse
INFO: Normalized query: SELECT AGE FROM USERS WHERE ID = 500 LIMIT 1
сент. 09, 2026 8:40:27 PM diesel.QueryParser handleMainFromToken
FINEST: Найден основной FROM на позиции 11 в запросе: SELECT AGE FROM USERS WHERE ID = 500 LIMIT 1
сент. 09, 2026 8:40:27 PM diesel.QueryParser parseSelectColumn
FINE: Разобран столбец: AGE
сент. 09, 2026 8:40:27 PM diesel.QueryParser findClauseOutsideSubquery
FINEST: Допустимое GROUP BY не найдено вне подзапросов в запросе: USERS WHERE ID = 500 LIMIT 1
сент. 09, 2026 8:40:27 PM diesel.QueryParser findClauseOutsideSubquery
FINEST: Допустимое ORDER BY не найдено вне подзапросов в запросе: USERS WHERE ID = 500 LIMIT 1
сент. 09, 2026 8:40:27 PM diesel.QueryParser findClauseOutsideSubquery
FINEST: Найдено последнее LIMIT на индексе 21 в запросе: USERS WHERE ID = 500 LIMIT 1
сент. 09, 2026 8:40:27 PM diesel.QueryParser findClauseOutsideSubquery
FINEST: Найдено последнее WHERE на индексе 6 в запросе: USERS WHERE ID = 500
сент. 09, 2026 8:40:27 PM diesel.QueryParser parseConditions
FINE: Начало парсинга условий: conditionStr=ID = 500, defaultTableName=USERS, isJoinCondition=false
сент. 09, 2026 8:40:27 PM diesel.QueryParser parseConditions
FINE: Условие обрезано до: ID = 500
сент. 09, 2026 8:40:27 PM diesel.QueryParser tokenizeConditions
FINEST: Processing token at position 0: ID = 500
сент. 09, 2026 8:40:27 PM diesel.QueryParser matchOtherPatterns
FINEST: Паттерн {0} сработал, токен: ID = 500, конец: 8
сент. 09, 2026 8:40:27 PM diesel.QueryParser processMatchedToken
FINEST: Добавлен токен условия: ID = 500
сент. 09, 2026 8:40:27 PM diesel.QueryParser tokenizeConditions
FINE: Токенизация завершена, получено токенов: 1, токены: [Token{type=CONDITION, value='ID = 500'}'}]
сент. 09, 2026 8:40:27 PM diesel.QueryParser parseSingleCondition
FINEST: Parsing single condition: ID = 500, full condition=ID = 500
сент. 09, 2026 8:40:27 PM diesel.QueryParser parseSingleCondition
FINEST: Передача в parseComparisonCondition: condStr=ID = 500
сент. 09, 2026 8:40:27 PM diesel.QueryParser parseComparisonCondition
FINEST: Parsing comparison condition: ID = 500
сент. 09, 2026 8:40:27 PM diesel.QueryParser parseTokenizedConditions
FINE: Добавлено одиночное условие: ID EQUALS 500
сент. 09, 2026 8:40:27 PM diesel.QueryParser parseSelectQuery
INFO: Разобран SELECT-запрос: таблица=USERS, столбцы=[AGE], агрегации=[], соединения=[], условия=[ID EQUALS 500]
сент. 09, 2026 8:40:27 PM diesel.SelectQuery executeSelect
INFO: Selected 0 rows from table USERS with joins [], aggregates [], groupBy [], having=[], limit=1, offset=null, orderBy=[]
сент. 09, 2026 8:40:27 PM diesel.SelectQuery executeSelect
INFO: Selected 0 rows from table USERS with joins [], aggregates [], groupBy [], having=[], limit=1, offset=null, orderBy=[]
сент. 09, 2026 8:40:27 PM diesel.SelectQuery executeSelect
INFO: Selected 0 rows from table USERS with joins [], aggregates [], groupBy [], having=[], limit=1, offset=null, orderBy=[]
сент. 09, 2026 8:40:27 PM diesel.SelectQuery executeSelect
INFO: Selected 0 rows from table USERS with joins [], aggregates [], groupBy [], having=[], limit=1, offset=null, orderBy=[]
сент. 09, 2026 8:40:27 PM diesel.SelectQuery executeSelect
INFO: Selected 0 rows from table USERS with joins [], aggregates [], groupBy [], having=[], limit=1, offset=null, orderBy=[]
сент. 09, 2026 8:40:27 PM diesel.SelectQuery executeSelect
INFO: Selected 0 rows from table USERS with joins [], aggregates [], groupBy [], having=[], limit=1, offset=null, orderBy=[]
сент. 09, 2026 8:40:27 PM diesel.SelectQuery executeSelect
INFO: Selected 0 rows from table USERS with joins [], aggregates [], groupBy [], having=[], limit=1, offset=null, orderBy=[]
сент. 09, 2026 8:40:27 PM diesel.SelectQuery executeSelect
INFO: Selected 0 rows from table USERS with joins [], aggregates [], groupBy [], having=[], limit=1, offset=null, orderBy=[]
сент. 09, 2026 8:40:27 PM diesel.SelectQuery executeSelect
INFO: Selected 0 rows from table USERS with joins [], aggregates [], groupBy [], having=[], limit=1, offset=null, orderBy=[]
сент. 09, 2026 8:40:27 PM diesel.SelectQuery executeSelect
INFO: Selected 0 rows from table USERS with joins [], aggregates [], groupBy [], having=[], limit=1, offset=null, orderBy=[]
сент. 09, 2026 8:40:27 PM diesel.SelectQuery executeSelect
INFO: Selected 0 rows from table USERS with joins [], aggregates [], groupBy [], having=[], limit=10, offset=null, orderBy=[SUBQUERY_2 ASC]
]]></system-err>
  </testcase>
  <testcase name="selectWithSubqueryInColumnWhereHaving" classname="diesel.SubqueriesTest" time="0.128">
    <system-err><![CDATA[сент. 09, 2026 8:40:27 PM diesel.QueryParser parse
INFO: Normalized query: CREATE TABLE USERS (ID LONG PRIMARY KEY SEQUENCE(ID_SEQ 1 1), USER_CODE STRING, NAME STRING, AGE INTEGER, BALANCE BIGDECIMAL)
сент. 09, 2026 8:40:27 PM diesel.QueryParser parseCreateTableQuery
INFO: Parsed CREATE TABLE query: table=USERS, columns=[ID, USER_CODE, NAME, AGE, BALANCE], types={AGE=class java.lang.Integer, BALANCE=class java.math.BigDecimal, ID=class java.lang.Long, NAME=class java.lang.String, USER_CODE=class java.lang.String}, primaryKey=ID, sequences=[ID]
сент. 09, 2026 8:40:27 PM diesel.Table createUniqueClusteredIndex
INFO: Created unique clustered B-tree index on column ID for table USERS
сент. 09, 2026 8:40:27 PM diesel.Table <init>
INFO: Created table: USERS with columns [ID, USER_CODE, NAME, AGE, BALANCE], types {AGE=class java.lang.Integer, BALANCE=class java.math.BigDecimal, ID=class java.lang.Long, NAME=class java.lang.String, USER_CODE=class java.lang.String}, primary key: ID, sequences: []
сент. 09, 2026 8:40:27 PM diesel.Database createTable
INFO: Created table USERS with primary key ID
сент. 09, 2026 8:40:27 PM diesel.QueryParser parse
INFO: Normalized query: CREATE UNIQUE INDEX ON USERS (ID)
сент. 09, 2026 8:40:27 PM diesel.Table createUniqueIndex
INFO: Created unique index on column ID for table USERS
сент. 09, 2026 8:40:27 PM diesel.QueryParser parse
INFO: Normalized query: CREATE INDEX ON USERS (AGE)
сент. 09, 2026 8:40:27 PM diesel.Table createBTreeIndex
INFO: Created B-tree index on column AGE for table USERS
сент. 09, 2026 8:40:27 PM diesel.QueryParser parse
INFO: Normalized query: CREATE HASH INDEX ON USERS (NAME)
сент. 09, 2026 8:40:27 PM diesel.Table createHashIndex
INFO: Created hash index on column NAME for table USERS
сент. 09, 2026 8:40:27 PM diesel.QueryParser parse
INFO: Normalized query: CREATE UNIQUE INDEX ON USERS (USER_CODE)
сент. 09, 2026 8:40:27 PM diesel.Table createUniqueIndex
INFO: Created unique index on column USER_CODE for table USERS
сент. 09, 2026 8:40:27 PM diesel.QueryParser parse
INFO: Normalized query: INSERT INTO USERS (USER_CODE, NAME, AGE, BALANCE) VALUES ('CODE1', 'USER1', 19, 101.00)
сент. 09, 2026 8:40:27 PM diesel.QueryParser parseInsertQuery
INFO: Parsed INSERT query: table=USERS, columns=[USER_CODE, NAME, AGE, BALANCE], values=[CODE1, User1, 19, 101.00]
сент. 09, 2026 8:40:27 PM diesel.Table addRow
INFO: Inserted row into table USERS: {USER_CODE=CODE1, ID=1, NAME=User1, AGE=19, BALANCE=101.00}
сент. 09, 2026 8:40:27 PM diesel.InsertQuery insertRow
INFO: Inserted row into table USERS: {USER_CODE=CODE1, NAME=User1, AGE=19, BALANCE=101.00}
сент. 09, 2026 8:40:27 PM diesel.Table saveToFile
INFO: Table USERS saved to file data\USERS.csv with 1 rows
сент. 09, 2026 8:40:27 PM diesel.QueryParser parse
INFO: Normalized query: INSERT INTO USERS (USER_CODE, NAME, AGE, BALANCE) VALUES ('CODE2', 'USER2', 20, 102.00)
сент. 09, 2026 8:40:27 PM diesel.QueryParser parseInsertQuery
INFO: Parsed INSERT query: table=USERS, columns=[USER_CODE, NAME, AGE, BALANCE], values=[CODE2, User2, 20, 102.00]
сент. 09, 2026 8:40:27 PM diesel.Table addRow
INFO: Inserted row into table USERS: {USER_CODE=CODE2, ID=2, NAME=User2, AGE=20, BALANCE=102.00}
сент. 09, 2026 8:40:27 PM diesel.InsertQuery insertRow
INFO: Inserted row into table USERS: {USER_CODE=CODE2, NAME=User2, AGE=20, BALANCE=102.00}
сент. 09, 2026 8:40:27 PM diesel.Table saveToFile
INFO: Table USERS saved to file data\USERS.csv with 2 rows
сент. 09, 2026 8:40:27 PM diesel.QueryParser parse
INFO: Normalized query: INSERT INTO USERS (USER_CODE, NAME, AGE, BALANCE) VALUES ('CODE3', 'USER3', 21, 103.00)
сент. 09, 2026 8:40:27 PM diesel.QueryParser parseInsertQuery
INFO: Parsed INSERT query: table=USERS, columns=[USER_CODE, NAME, AGE, BALANCE], values=[CODE3, User3, 21, 103.00]
сент. 09, 2026 8:40:27 PM diesel.Table addRow
INFO: Inserted row into table USERS: {USER_CODE=CODE3, ID=3, NAME=User3, AGE=21, BALANCE=103.00}
сент. 09, 2026 8:40:27 PM diesel.InsertQuery insertRow
INFO: Inserted row into table USERS: {USER_CODE=CODE3, NAME=User3, AGE=21, BALANCE=103.00}
сент. 09, 2026 8:40:27 PM diesel.Table saveToFile
INFO: Table USERS saved to file data\USERS.csv with 3 rows
сент. 09, 2026 8:40:27 PM diesel.QueryParser parse
INFO: Normalized query: INSERT INTO USERS (USER_CODE, NAME, AGE, BALANCE) VALUES ('CODE4', 'USER4', 22, 104.00)
сент. 09, 2026 8:40:27 PM diesel.QueryParser parseInsertQuery
INFO: Parsed INSERT query: table=USERS, columns=[USER_CODE, NAME, AGE, BALANCE], values=[CODE4, User4, 22, 104.00]
сент. 09, 2026 8:40:27 PM diesel.Table addRow
INFO: Inserted row into table USERS: {USER_CODE=CODE4, ID=4, NAME=User4, AGE=22, BALANCE=104.00}
сент. 09, 2026 8:40:27 PM diesel.InsertQuery insertRow
INFO: Inserted row into table USERS: {USER_CODE=CODE4, NAME=User4, AGE=22, BALANCE=104.00}
сент. 09, 2026 8:40:27 PM diesel.Table saveToFile
INFO: Table USERS saved to file data\USERS.csv with 4 rows
сент. 09, 2026 8:40:27 PM diesel.QueryParser parse
INFO: Normalized query: INSERT INTO USERS (USER_CODE, NAME, AGE, BALANCE) VALUES ('CODE5', 'USER5', 23, 105.00)
сент. 09, 2026 8:40:27 PM diesel.QueryParser parseInsertQuery
INFO: Parsed INSERT query: table=USERS, columns=[USER_CODE, NAME, AGE, BALANCE], values=[CODE5, User5, 23, 105.00]
сент. 09, 2026 8:40:27 PM diesel.Table addRow
INFO: Inserted row into table USERS: {USER_CODE=CODE5, ID=5, NAME=User5, AGE=23, BALANCE=105.00}
сент. 09, 2026 8:40:27 PM diesel.InsertQuery insertRow
INFO: Inserted row into table USERS: {USER_CODE=CODE5, NAME=User5, AGE=23, BALANCE=105.00}
сент. 09, 2026 8:40:27 PM diesel.Table saveToFile
INFO: Table USERS saved to file data\USERS.csv with 5 rows
сент. 09, 2026 8:40:27 PM diesel.QueryParser parse
INFO: Normalized query: INSERT INTO USERS (USER_CODE, NAME, AGE, BALANCE) VALUES ('CODE6', 'USER6', 24, 106.00)
сент. 09, 2026 8:40:27 PM diesel.QueryParser parseInsertQuery
INFO: Parsed INSERT query: table=USERS, columns=[USER_CODE, NAME, AGE, BALANCE], values=[CODE6, User6, 24, 106.00]
сент. 09, 2026 8:40:27 PM diesel.Table addRow
INFO: Inserted row into table USERS: {USER_CODE=CODE6, ID=6, NAME=User6, AGE=24, BALANCE=106.00}
сент. 09, 2026 8:40:27 PM diesel.InsertQuery insertRow
INFO: Inserted row into table USERS: {USER_CODE=CODE6, NAME=User6, AGE=24, BALANCE=106.00}
сент. 09, 2026 8:40:27 PM diesel.Table saveToFile
INFO: Table USERS saved to file data\USERS.csv with 6 rows
сент. 09, 2026 8:40:27 PM diesel.QueryParser parse
INFO: Normalized query: INSERT INTO USERS (USER_CODE, NAME, AGE, BALANCE) VALUES ('CODE7', 'USER7', 25, 107.00)
сент. 09, 2026 8:40:27 PM diesel.QueryParser parseInsertQuery
INFO: Parsed INSERT query: table=USERS, columns=[USER_CODE, NAME, AGE, BALANCE], values=[CODE7, User7, 25, 107.00]
сент. 09, 2026 8:40:27 PM diesel.Table addRow
INFO: Inserted row into table USERS: {USER_CODE=CODE7, ID=7, NAME=User7, AGE=25, BALANCE=107.00}
сент. 09, 2026 8:40:27 PM diesel.InsertQuery insertRow
INFO: Inserted row into table USERS: {USER_CODE=CODE7, NAME=User7, AGE=25, BALANCE=107.00}
сент. 09, 2026 8:40:27 PM diesel.Table saveToFile
INFO: Table USERS saved to file data\USERS.csv with 7 rows
сент. 09, 2026 8:40:27 PM diesel.QueryParser parse
INFO: Normalized query: INSERT INTO USERS (USER_CODE, NAME, AGE, BALANCE) VALUES ('CODE8', 'USER8', 26, 108.00)
сент. 09, 2026 8:40:27 PM diesel.QueryParser parseInsertQuery
INFO: Parsed INSERT query: table=USERS, columns=[USER_CODE, NAME, AGE, BALANCE], values=[CODE8, User8, 26, 108.00]
сент. 09, 2026 8:40:27 PM diesel.Table addRow
INFO: Inserted row into table USERS: {USER_CODE=CODE8, ID=8, NAME=User8, AGE=26, BALANCE=108.00}
сент. 09, 2026 8:40:27 PM diesel.InsertQuery insertRow
INFO: Inserted row into table USERS: {USER_CODE=CODE8, NAME=User8, AGE=26, BALANCE=108.00}
сент. 09, 2026 8:40:27 PM diesel.Table saveToFile
INFO: Table USERS saved to file data\USERS.csv with 8 rows
сент. 09, 2026 8:40:27 PM diesel.QueryParser parse
INFO: Normalized query: INSERT INTO USERS (USER_CODE, NAME, AGE, BALANCE) VALUES ('CODE9', 'USER9', 27, 109.00)
сент. 09, 2026 8:40:27 PM diesel.QueryParser parseInsertQuery
INFO: Parsed INSERT query: table=USERS, columns=[USER_CODE, NAME, AGE, BALANCE], values=[CODE9, User9, 27, 109.00]
сент. 09, 2026 8:40:27 PM diesel.Table addRow
INFO: Inserted row into table USERS: {USER_CODE=CODE9, ID=9, NAME=User9, AGE=27, BALANCE=109.00}
сент. 09, 2026 8:40:27 PM diesel.InsertQuery insertRow
INFO: Inserted row into table USERS: {USER_CODE=CODE9, NAME=User9, AGE=27, BALANCE=109.00}
сент. 09, 2026 8:40:27 PM diesel.Table saveToFile
INFO: Table USERS saved to file data\USERS.csv with 9 rows
сент. 09, 2026 8:40:27 PM diesel.QueryParser parse
INFO: Normalized query: INSERT INTO USERS (USER_CODE, NAME, AGE, BALANCE) VALUES ('CODE10', 'USER10', 28, 110.00)
сент. 09, 2026 8:40:27 PM diesel.QueryParser parseInsertQuery
INFO: Parsed INSERT query: table=USERS, columns=[USER_CODE, NAME, AGE, BALANCE], values=[CODE10, User10, 28, 110.00]
сент. 09, 2026 8:40:27 PM diesel.Table addRow
INFO: Inserted row into table USERS: {USER_CODE=CODE10, ID=10, NAME=User10, AGE=28, BALANCE=110.00}
сент. 09, 2026 8:40:27 PM diesel.InsertQuery insertRow
INFO: Inserted row into table USERS: {USER_CODE=CODE10, NAME=User10, AGE=28, BALANCE=110.00}
сент. 09, 2026 8:40:27 PM diesel.Table saveToFile
INFO: Table USERS saved to file data\USERS.csv with 10 rows
сент. 09, 2026 8:40:27 PM diesel.Table saveToFile
INFO: Table USERS saved to file data\USERS.csv with 10 rows
сент. 09, 2026 8:40:27 PM diesel.SubqueryParser parse
INFO: Parsing query: SELECT (SELECT NAME FROM USERS WHERE ID = u.ID LIMIT 1) AS user_name, COUNT(*) AS user_count FROM USERS u WHERE AGE > (SELECT AGE FROM USERS WHERE ID = 500 LIMIT 1) GROUP BY (SELECT NAME FROM USERS WHERE ID = u.ID LIMIT 1) HAVING COUNT(*) > (SELECT ID FROM USERS WHERE ID = 1 LIMIT 1) LIMIT 10
сент. 09, 2026 8:40:27 PM diesel.QueryParser parse
INFO: Normalized query: SELECT NAME FROM USERS WHERE ID = U.ID LIMIT 1
сент. 09, 2026 8:40:27 PM diesel.QueryParser handleMainFromToken
FINEST: Найден основной FROM на позиции 12 в запросе: SELECT NAME FROM USERS WHERE ID = u.ID LIMIT 1
сент. 09, 2026 8:40:27 PM diesel.QueryParser parseSelectColumn
FINE: Разобран столбец: NAME
сент. 09, 2026 8:40:27 PM diesel.QueryParser findClauseOutsideSubquery
FINEST: Допустимое GROUP BY не найдено вне подзапросов в запросе: USERS WHERE ID = u.ID LIMIT 1
сент. 09, 2026 8:40:27 PM diesel.QueryParser findClauseOutsideSubquery
FINEST: Допустимое ORDER BY не найдено вне подзапросов в запросе: USERS WHERE ID = u.ID LIMIT 1
сент. 09, 2026 8:40:27 PM diesel.QueryParser findClauseOutsideSubquery
FINEST: Найдено последнее LIMIT на индексе 22 в запросе: USERS WHERE ID = u.ID LIMIT 1
сент. 09, 2026 8:40:27 PM diesel.QueryParser findClauseOutsideSubquery
FINEST: Найдено последнее WHERE на индексе 6 в запросе: USERS WHERE ID = u.ID
сент. 09, 2026 8:40:27 PM diesel.QueryParser parseConditions
FINE: Начало парсинга условий: conditionStr=ID = u.ID, defaultTableName=USERS, isJoinCondition=false
сент. 09, 2026 8:40:27 PM diesel.QueryParser parseConditions
FINE: Условие обрезано до: ID = u.ID
сент. 09, 2026 8:40:27 PM diesel.QueryParser tokenizeConditions
FINEST: Processing token at position 0: ID = u.ID
сент. 09, 2026 8:40:27 PM diesel.QueryParser matchOtherPatterns
FINEST: Паттерн {0} сработал, токен: ID = u.ID, конец: 9
сент. 09, 2026 8:40:27 PM diesel.QueryParser processMatchedToken
FINEST: Добавлен токен условия: ID = u.ID
сент. 09, 2026 8:40:27 PM diesel.QueryParser tokenizeConditions
FINE: Токенизация завершена, получено токенов: 1, токены: [Token{type=CONDITION, value='ID = u.ID'}'}]
сент. 09, 2026 8:40:27 PM diesel.QueryParser parseSingleCondition
FINEST: Parsing single condition: ID = u.ID, full condition=ID = u.ID
сент. 09, 2026 8:40:27 PM diesel.QueryParser parseSingleCondition
FINEST: Передача в parseComparisonCondition: condStr=ID = u.ID
сент. 09, 2026 8:40:27 PM diesel.QueryParser parseComparisonCondition
FINEST: Parsing comparison condition: ID = u.ID
сент. 09, 2026 8:40:27 PM diesel.QueryParser parseTokenizedConditions
FINE: Добавлено одиночное условие: ID EQUALS u.ID
сент. 09, 2026 8:40:27 PM diesel.QueryParser parseSelectQuery
INFO: Разобран SELECT-запрос: таблица=USERS, столбцы=[NAME], агрегации=[], соединения=[], условия=[ID EQUALS u.ID]
сент. 09, 2026 8:40:27 PM diesel.QueryParser parse
INFO: Normalized query: SELECT NAME FROM USERS WHERE ID = U.ID LIMIT 1
сент. 09, 2026 8:40:27 PM diesel.QueryParser handleMainFromToken
FINEST: Найден основной FROM на позиции 12 в запросе: SELECT NAME FROM USERS WHERE ID = u.ID LIMIT 1
сент. 09, 2026 8:40:27 PM diesel.QueryParser parseSelectColumn
FINE: Разобран столбец: NAME
сент. 09, 2026 8:40:27 PM diesel.QueryParser findClauseOutsideSubquery
FINEST: Допустимое GROUP BY не найдено вне подзапросов в запросе: USERS WHERE ID = u.ID LIMIT 1
сент. 09, 2026 8:40:27 PM diesel.QueryParser findClauseOutsideSubquery
FINEST: Допустимое ORDER BY не найдено вне подзапросов в запросе: USERS WHERE ID = u.ID LIMIT 1
сент. 09, 2026 8:40:27 PM diesel.QueryParser findClauseOutsideSubquery
FINEST: Найдено последнее LIMIT на индексе 22 в запросе: USERS WHERE ID = u.ID LIMIT 1
сент. 09, 2026 8:40:27 PM diesel.QueryParser findClauseOutsideSubquery
FINEST: Найдено последнее WHERE на индексе 6 в запросе: USERS WHERE ID = u.ID
сент. 09, 2026 8:40:27 PM diesel.QueryParser parseConditions
FINE: Начало парсинга условий: conditionStr=ID = u.ID, defaultTableName=USERS, isJoinCondition=false
сент. 09, 2026 8:40:27 PM diesel.QueryParser parseConditions
FINE: Условие обрезано до: ID = u.ID
сент. 09, 2026 8:40:27 PM diesel.QueryParser tokenizeConditions
FINEST: Processing token at position 0: ID = u.ID
сент. 09, 2026 8:40:27 PM diesel.QueryParser matchOtherPatterns
FINEST: Паттерн {0} сработал, токен: ID = u.ID, конец: 9
сент. 09, 2026 8:40:27 PM diesel.QueryParser processMatchedToken
FINEST: Добавлен токен условия: ID = u.ID
сент. 09, 2026 8:40:27 PM diesel.QueryParser tokenizeConditions
FINE: Токенизация завершена, получено токенов: 1, токены: [Token{type=CONDITION, value='ID = u.ID'}'}]
сент. 09, 2026 8:40:27 PM diesel.QueryParser parseSingleCondition
FINEST: Parsing single condition: ID = u.ID, full condition=ID = u.ID
сент. 09, 2026 8:40:27 PM diesel.QueryParser parseSingleCondition
FINEST: Передача в parseComparisonCondition: condStr=ID = u.ID
сент. 09, 2026 8:40:27 PM diesel.QueryParser parseComparisonCondition
FINEST: Parsing comparison condition: ID = u.ID
сент. 09, 2026 8:40:27 PM diesel.QueryParser parseTokenizedConditions
FINE: Добавлено одиночное условие: ID EQUALS u.ID
сент. 09, 2026 8:40:27 PM diesel.QueryParser parseSelectQuery
INFO: Разобран SELECT-запрос: таблица=USERS, столбцы=[NAME], агрегации=[], соединения=[], условия=[ID EQUALS u.ID]
сент. 09, 2026 8:40:27 PM diesel.QueryParser parse
INFO: Normalized query: SELECT ID FROM USERS WHERE ID = 1 LIMIT 1
сент. 09, 2026 8:40:27 PM diesel.QueryParser handleMainFromToken
FINEST: Найден основной FROM на позиции 10 в запросе: SELECT ID FROM USERS WHERE ID = 1 LIMIT 1
сент. 09, 2026 8:40:27 PM diesel.QueryParser parseSelectColumn
FINE: Разобран столбец: ID
сент. 09, 2026 8:40:27 PM diesel.QueryParser findClauseOutsideSubquery
FINEST: Допустимое GROUP BY не найдено вне подзапросов в запросе: USERS WHERE ID = 1 LIMIT 1
сент. 09, 2026 8:40:27 PM diesel.QueryParser findClauseOutsideSubquery
FINEST: Допустимое ORDER BY не найдено вне подзапросов в запросе: USERS WHERE ID = 1 LIMIT 1
сент. 09, 2026 8:40:27 PM diesel.QueryParser findClauseOutsideSubquery
FINEST: Найдено последнее LIMIT на индексе 19 в запросе: USERS WHERE ID = 1 LIMIT 1
сент. 09, 2026 8:40:27 PM diesel.QueryParser findClauseOutsideSubquery
FINEST: Найдено последнее WHERE на индексе 6 в запросе: USERS WHERE ID = 1
сент. 09, 2026 8:40:27 PM diesel.QueryParser parseConditions
FINE: Начало парсинга условий: conditionStr=ID = 1, defaultTableName=USERS, isJoinCondition=false
сент. 09, 2026 8:40:27 PM diesel.QueryParser parseConditions
FINE: Условие обрезано до: ID = 1
сент. 09, 2026 8:40:27 PM diesel.QueryParser tokenizeConditions
FINEST: Processing token at position 0: ID = 1
сент. 09, 2026 8:40:27 PM diesel.QueryParser matchOtherPatterns
FINEST: Паттерн {0} сработал, токен: ID = 1, конец: 6
сент. 09, 2026 8:40:27 PM diesel.QueryParser processMatchedToken
FINEST: Добавлен токен условия: ID = 1
сент. 09, 2026 8:40:27 PM diesel.QueryParser tokenizeConditions
FINE: Токенизация завершена, получено токенов: 1, токены: [Token{type=CONDITION, value='ID = 1'}'}]
сент. 09, 2026 8:40:27 PM diesel.QueryParser parseSingleCondition
FINEST: Parsing single condition: ID = 1, full condition=ID = 1
сент. 09, 2026 8:40:27 PM diesel.QueryParser parseSingleCondition
FINEST: Передача в parseComparisonCondition: condStr=ID = 1
сент. 09, 2026 8:40:27 PM diesel.QueryParser parseComparisonCondition
FINEST: Parsing comparison condition: ID = 1
сент. 09, 2026 8:40:27 PM diesel.QueryParser parseTokenizedConditions
FINE: Добавлено одиночное условие: ID EQUALS 1
сент. 09, 2026 8:40:27 PM diesel.QueryParser parseSelectQuery
INFO: Разобран SELECT-запрос: таблица=USERS, столбцы=[ID], агрегации=[], соединения=[], условия=[ID EQUALS 1]
сент. 09, 2026 8:40:27 PM diesel.SelectQuery executeSelect
INFO: Selected 1 rows from table USERS with joins [], aggregates [], groupBy [], having=[], limit=1, offset=null, orderBy=[]
сент. 09, 2026 8:40:27 PM diesel.SubqueryParser parseSelectQuery
INFO: Parsed SELECT query: table=USERS, columns=[], aggregates=[COUNT(*) AS user_count], joins=[], conditions=[USERS.AGE GREATER_THAN (SELECT AGE FROM USERS WHERE ID = 500 LIMIT 1)]
сент. 09, 2026 8:40:27 PM diesel.QueryParser parse
INFO: Normalized query: SELECT AGE FROM USERS WHERE ID = 500 LIMIT 1
сент. 09, 2026 8:40:27 PM diesel.QueryParser handleMainFromToken
FINEST: Найден основной FROM на позиции 11 в запросе: SELECT AGE FROM USERS WHERE ID = 500 LIMIT 1
сент. 09, 2026 8:40:27 PM diesel.QueryParser parseSelectColumn
FINE: Разобран столбец: AGE
сент. 09, 2026 8:40:27 PM diesel.QueryParser findClauseOutsideSubquery
FINEST: Допустимое GROUP BY не найдено вне подзапросов в запросе: USERS WHERE ID = 500 LIMIT 1
сент. 09, 2026 8:40:27 PM diesel.QueryParser findClauseOutsideSubquery
FINEST: Допустимое ORDER BY не найдено вне подзапросов в запросе: USERS WHERE ID = 500 LIMIT 1
сент. 09, 2026 8:40:27 PM diesel.QueryParser findClauseOutsideSubquery
FINEST: Найдено последнее LIMIT на индексе 21 в запросе: USERS WHERE ID = 500 LIMIT 1
сент. 09, 2026 8:40:27 PM diesel.QueryParser findClauseOutsideSubquery
FINEST: Найдено последнее WHERE на индексе 6 в запросе: USERS WHERE ID = 500
сент. 09, 2026 8:40:27 PM diesel.QueryParser parseConditions
FINE: Начало парсинга условий: conditionStr=ID = 500, defaultTableName=USERS, isJoinCondition=false
сент. 09, 2026 8:40:27 PM diesel.QueryParser parseConditions
FINE: Условие обрезано до: ID = 500
сент. 09, 2026 8:40:27 PM diesel.QueryParser tokenizeConditions
FINEST: Processing token at position 0: ID = 500
сент. 09, 2026 8:40:27 PM diesel.QueryParser matchOtherPatterns
FINEST: Паттерн {0} сработал, токен: ID = 500, конец: 8
сент. 09, 2026 8:40:27 PM diesel.QueryParser processMatchedToken
FINEST: Добавлен токен условия: ID = 500
сент. 09, 2026 8:40:27 PM diesel.QueryParser tokenizeConditions
FINE: Токенизация завершена, получено токенов: 1, токены: [Token{type=CONDITION, value='ID = 500'}'}]
сент. 09, 2026 8:40:27 PM diesel.QueryParser parseSingleCondition
FINEST: Parsing single condition: ID = 500, full condition=ID = 500
сент. 09, 2026 8:40:27 PM diesel.QueryParser parseSingleCondition
FINEST: Передача в parseComparisonCondition: condStr=ID = 500
сент. 09, 2026 8:40:27 PM diesel.QueryParser parseComparisonCondition
FINEST: Parsing comparison condition: ID = 500
сент. 09, 2026 8:40:27 PM diesel.QueryParser parseTokenizedConditions
FINE: Добавлено одиночное условие: ID EQUALS 500
сент. 09, 2026 8:40:27 PM diesel.QueryParser parseSelectQuery
INFO: Разобран SELECT-запрос: таблица=USERS, столбцы=[AGE], агрегации=[], соединения=[], условия=[ID EQUALS 500]
сент. 09, 2026 8:40:27 PM diesel.SelectQuery executeSelect
INFO: Selected 0 rows from table USERS with joins [], aggregates [], groupBy [], having=[], limit=1, offset=null, orderBy=[]
сент. 09, 2026 8:40:27 PM diesel.SelectQuery executeSelect
INFO: Selected 0 rows from table USERS with joins [], aggregates [], groupBy [], having=[], limit=1, offset=null, orderBy=[]
сент. 09, 2026 8:40:27 PM diesel.SelectQuery executeSelect
INFO: Selected 0 rows from table USERS with joins [], aggregates [], groupBy [], having=[], limit=1, offset=null, orderBy=[]
сент. 09, 2026 8:40:27 PM diesel.SelectQuery executeSelect
INFO: Selected 0 rows from table USERS with joins [], aggregates [], groupBy [], having=[], limit=1, offset=null, orderBy=[]
сент. 09, 2026 8:40:27 PM diesel.SelectQuery executeSelect
INFO: Selected 0 rows from table USERS with joins [], aggregates [], groupBy [], having=[], limit=1, offset=null, orderBy=[]
сент. 09, 2026 8:40:27 PM diesel.SelectQuery executeSelect
INFO: Selected 0 rows from table USERS with joins [], aggregates [], groupBy [], having=[], limit=1, offset=null, orderBy=[]
сент. 09, 2026 8:40:27 PM diesel.SelectQuery executeSelect
INFO: Selected 0 rows from table USERS with joins [], aggregates [], groupBy [], having=[], limit=1, offset=null, orderBy=[]
сент. 09, 2026 8:40:27 PM diesel.SelectQuery executeSelect
INFO: Selected 0 rows from table USERS with joins [], aggregates [], groupBy [], having=[], limit=1, offset=null, orderBy=[]
сент. 09, 2026 8:40:27 PM diesel.SelectQuery executeSelect
INFO: Selected 0 rows from table USERS with joins [], aggregates [], groupBy [], having=[], limit=1, offset=null, orderBy=[]
сент. 09, 2026 8:40:27 PM diesel.SelectQuery executeSelect
INFO: Selected 0 rows from table USERS with joins [], aggregates [], groupBy [], having=[], limit=1, offset=null, orderBy=[]
сент. 09, 2026 8:40:27 PM diesel.SelectQuery executeSelect
INFO: Selected 0 rows from table USERS with joins [], aggregates [COUNT(*) AS user_count], groupBy [SUBQUERY_1788972027701], having=[COUNT(*) AS user_count > 1], limit=10, offset=null, orderBy=[]
]]></system-err>
  </testcase>
  <testcase name="selectFromNestedDerivedTableTwoLevels" classname="diesel.SubqueriesTest" time="0.08">
    <system-err><![CDATA[сент. 09, 2026 8:40:27 PM diesel.QueryParser parse
INFO: Normalized query: CREATE TABLE USERS (ID LONG PRIMARY KEY SEQUENCE(ID_SEQ 1 1), USER_CODE STRING, NAME STRING, AGE INTEGER, BALANCE BIGDECIMAL)
сент. 09, 2026 8:40:27 PM diesel.QueryParser parseCreateTableQuery
INFO: Parsed CREATE TABLE query: table=USERS, columns=[ID, USER_CODE, NAME, AGE, BALANCE], types={AGE=class java.lang.Integer, BALANCE=class java.math.BigDecimal, ID=class java.lang.Long, NAME=class java.lang.String, USER_CODE=class java.lang.String}, primaryKey=ID, sequences=[ID]
сент. 09, 2026 8:40:27 PM diesel.Table createUniqueClusteredIndex
INFO: Created unique clustered B-tree index on column ID for table USERS
сент. 09, 2026 8:40:27 PM diesel.Table <init>
INFO: Created table: USERS with columns [ID, USER_CODE, NAME, AGE, BALANCE], types {AGE=class java.lang.Integer, BALANCE=class java.math.BigDecimal, ID=class java.lang.Long, NAME=class java.lang.String, USER_CODE=class java.lang.String}, primary key: ID, sequences: []
сент. 09, 2026 8:40:27 PM diesel.Database createTable
INFO: Created table USERS with primary key ID
сент. 09, 2026 8:40:27 PM diesel.QueryParser parse
INFO: Normalized query: CREATE UNIQUE INDEX ON USERS (ID)
сент. 09, 2026 8:40:27 PM diesel.Table createUniqueIndex
INFO: Created unique index on column ID for table USERS
сент. 09, 2026 8:40:27 PM diesel.QueryParser parse
INFO: Normalized query: CREATE INDEX ON USERS (AGE)
сент. 09, 2026 8:40:27 PM diesel.Table createBTreeIndex
INFO: Created B-tree index on column AGE for table USERS
сент. 09, 2026 8:40:27 PM diesel.QueryParser parse
INFO: Normalized query: CREATE HASH INDEX ON USERS (NAME)
сент. 09, 2026 8:40:27 PM diesel.Table createHashIndex
INFO: Created hash index on column NAME for table USERS
сент. 09, 2026 8:40:27 PM diesel.QueryParser parse
INFO: Normalized query: CREATE UNIQUE INDEX ON USERS (USER_CODE)
сент. 09, 2026 8:40:27 PM diesel.Table createUniqueIndex
INFO: Created unique index on column USER_CODE for table USERS
сент. 09, 2026 8:40:27 PM diesel.QueryParser parse
INFO: Normalized query: INSERT INTO USERS (USER_CODE, NAME, AGE, BALANCE) VALUES ('CODE1', 'USER1', 19, 101.00)
сент. 09, 2026 8:40:27 PM diesel.QueryParser parseInsertQuery
INFO: Parsed INSERT query: table=USERS, columns=[USER_CODE, NAME, AGE, BALANCE], values=[CODE1, User1, 19, 101.00]
сент. 09, 2026 8:40:27 PM diesel.Table addRow
INFO: Inserted row into table USERS: {USER_CODE=CODE1, ID=1, NAME=User1, AGE=19, BALANCE=101.00}
сент. 09, 2026 8:40:27 PM diesel.InsertQuery insertRow
INFO: Inserted row into table USERS: {USER_CODE=CODE1, NAME=User1, AGE=19, BALANCE=101.00}
сент. 09, 2026 8:40:27 PM diesel.Table saveToFile
INFO: Table USERS saved to file data\USERS.csv with 1 rows
сент. 09, 2026 8:40:27 PM diesel.QueryParser parse
INFO: Normalized query: INSERT INTO USERS (USER_CODE, NAME, AGE, BALANCE) VALUES ('CODE2', 'USER2', 20, 102.00)
сент. 09, 2026 8:40:27 PM diesel.QueryParser parseInsertQuery
INFO: Parsed INSERT query: table=USERS, columns=[USER_CODE, NAME, AGE, BALANCE], values=[CODE2, User2, 20, 102.00]
сент. 09, 2026 8:40:27 PM diesel.Table addRow
INFO: Inserted row into table USERS: {USER_CODE=CODE2, ID=2, NAME=User2, AGE=20, BALANCE=102.00}
сент. 09, 2026 8:40:27 PM diesel.InsertQuery insertRow
INFO: Inserted row into table USERS: {USER_CODE=CODE2, NAME=User2, AGE=20, BALANCE=102.00}
сент. 09, 2026 8:40:27 PM diesel.Table saveToFile
INFO: Table USERS saved to file data\USERS.csv with 2 rows
сент. 09, 2026 8:40:27 PM diesel.QueryParser parse
INFO: Normalized query: INSERT INTO USERS (USER_CODE, NAME, AGE, BALANCE) VALUES ('CODE3', 'USER3', 21, 103.00)
сент. 09, 2026 8:40:27 PM diesel.QueryParser parseInsertQuery
INFO: Parsed INSERT query: table=USERS, columns=[USER_CODE, NAME, AGE, BALANCE], values=[CODE3, User3, 21, 103.00]
сент. 09, 2026 8:40:27 PM diesel.Table addRow
INFO: Inserted row into table USERS: {USER_CODE=CODE3, ID=3, NAME=User3, AGE=21, BALANCE=103.00}
сент. 09, 2026 8:40:27 PM diesel.InsertQuery insertRow
INFO: Inserted row into table USERS: {USER_CODE=CODE3, NAME=User3, AGE=21, BALANCE=103.00}
сент. 09, 2026 8:40:27 PM diesel.Table saveToFile
INFO: Table USERS saved to file data\USERS.csv with 3 rows
сент. 09, 2026 8:40:27 PM diesel.QueryParser parse
INFO: Normalized query: INSERT INTO USERS (USER_CODE, NAME, AGE, BALANCE) VALUES ('CODE4', 'USER4', 22, 104.00)
сент. 09, 2026 8:40:27 PM diesel.QueryParser parseInsertQuery
INFO: Parsed INSERT query: table=USERS, columns=[USER_CODE, NAME, AGE, BALANCE], values=[CODE4, User4, 22, 104.00]
сент. 09, 2026 8:40:27 PM diesel.Table addRow
INFO: Inserted row into table USERS: {USER_CODE=CODE4, ID=4, NAME=User4, AGE=22, BALANCE=104.00}
сент. 09, 2026 8:40:27 PM diesel.InsertQuery insertRow
INFO: Inserted row into table USERS: {USER_CODE=CODE4, NAME=User4, AGE=22, BALANCE=104.00}
сент. 09, 2026 8:40:27 PM diesel.Table saveToFile
INFO: Table USERS saved to file data\USERS.csv with 4 rows
сент. 09, 2026 8:40:27 PM diesel.QueryParser parse
INFO: Normalized query: INSERT INTO USERS (USER_CODE, NAME, AGE, BALANCE) VALUES ('CODE5', 'USER5', 23, 105.00)
сент. 09, 2026 8:40:27 PM diesel.QueryParser parseInsertQuery
INFO: Parsed INSERT query: table=USERS, columns=[USER_CODE, NAME, AGE, BALANCE], values=[CODE5, User5, 23, 105.00]
сент. 09, 2026 8:40:27 PM diesel.Table addRow
INFO: Inserted row into table USERS: {USER_CODE=CODE5, ID=5, NAME=User5, AGE=23, BALANCE=105.00}
сент. 09, 2026 8:40:27 PM diesel.InsertQuery insertRow
INFO: Inserted row into table USERS: {USER_CODE=CODE5, NAME=User5, AGE=23, BALANCE=105.00}
сент. 09, 2026 8:40:27 PM diesel.Table saveToFile
INFO: Table USERS saved to file data\USERS.csv with 5 rows
сент. 09, 2026 8:40:27 PM diesel.QueryParser parse
INFO: Normalized query: INSERT INTO USERS (USER_CODE, NAME, AGE, BALANCE) VALUES ('CODE6', 'USER6', 24, 106.00)
сент. 09, 2026 8:40:27 PM diesel.QueryParser parseInsertQuery
INFO: Parsed INSERT query: table=USERS, columns=[USER_CODE, NAME, AGE, BALANCE], values=[CODE6, User6, 24, 106.00]
сент. 09, 2026 8:40:27 PM diesel.Table addRow
INFO: Inserted row into table USERS: {USER_CODE=CODE6, ID=6, NAME=User6, AGE=24, BALANCE=106.00}
сент. 09, 2026 8:40:27 PM diesel.InsertQuery insertRow
INFO: Inserted row into table USERS: {USER_CODE=CODE6, NAME=User6, AGE=24, BALANCE=106.00}
сент. 09, 2026 8:40:27 PM diesel.Table saveToFile
INFO: Table USERS saved to file data\USERS.csv with 6 rows
сент. 09, 2026 8:40:27 PM diesel.QueryParser parse
INFO: Normalized query: INSERT INTO USERS (USER_CODE, NAME, AGE, BALANCE) VALUES ('CODE7', 'USER7', 25, 107.00)
сент. 09, 2026 8:40:27 PM diesel.QueryParser parseInsertQuery
INFO: Parsed INSERT query: table=USERS, columns=[USER_CODE, NAME, AGE, BALANCE], values=[CODE7, User7, 25, 107.00]
сент. 09, 2026 8:40:27 PM diesel.Table addRow
INFO: Inserted row into table USERS: {USER_CODE=CODE7, ID=7, NAME=User7, AGE=25, BALANCE=107.00}
сент. 09, 2026 8:40:27 PM diesel.InsertQuery insertRow
INFO: Inserted row into table USERS: {USER_CODE=CODE7, NAME=User7, AGE=25, BALANCE=107.00}
сент. 09, 2026 8:40:27 PM diesel.Table saveToFile
INFO: Table USERS saved to file data\USERS.csv with 7 rows
сент. 09, 2026 8:40:27 PM diesel.QueryParser parse
INFO: Normalized query: INSERT INTO USERS (USER_CODE, NAME, AGE, BALANCE) VALUES ('CODE8', 'USER8', 26, 108.00)
сент. 09, 2026 8:40:27 PM diesel.QueryParser parseInsertQuery
INFO: Parsed INSERT query: table=USERS, columns=[USER_CODE, NAME, AGE, BALANCE], values=[CODE8, User8, 26, 108.00]
сент. 09, 2026 8:40:27 PM diesel.Table addRow
INFO: Inserted row into table USERS: {USER_CODE=CODE8, ID=8, NAME=User8, AGE=26, BALANCE=108.00}
сент. 09, 2026 8:40:27 PM diesel.InsertQuery insertRow
INFO: Inserted row into table USERS: {USER_CODE=CODE8, NAME=User8, AGE=26, BALANCE=108.00}
сент. 09, 2026 8:40:27 PM diesel.Table saveToFile
INFO: Table USERS saved to file data\USERS.csv with 8 rows
сент. 09, 2026 8:40:27 PM diesel.QueryParser parse
INFO: Normalized query: INSERT INTO USERS (USER_CODE, NAME, AGE, BALANCE) VALUES ('CODE9', 'USER9', 27, 109.00)
сент. 09, 2026 8:40:27 PM diesel.QueryParser parseInsertQuery
INFO: Parsed INSERT query: table=USERS, columns=[USER_CODE, NAME, AGE, BALANCE], values=[CODE9, User9, 27, 109.00]
сент. 09, 2026 8:40:27 PM diesel.Table addRow
INFO: Inserted row into table USERS: {USER_CODE=CODE9, ID=9, NAME=User9, AGE=27, BALANCE=109.00}
сент. 09, 2026 8:40:27 PM diesel.InsertQuery insertRow
INFO: Inserted row into table USERS: {USER_CODE=CODE9, NAME=User9, AGE=27, BALANCE=109.00}
сент. 09, 2026 8:40:27 PM diesel.Table saveToFile
INFO: Table USERS saved to file data\USERS.csv with 9 rows
сент. 09, 2026 8:40:27 PM diesel.QueryParser parse
INFO: Normalized query: INSERT INTO USERS (USER_CODE, NAME, AGE, BALANCE) VALUES ('CODE10', 'USER10', 28, 110.00)
сент. 09, 2026 8:40:27 PM diesel.QueryParser parseInsertQuery
INFO: Parsed INSERT query: table=USERS, columns=[USER_CODE, NAME, AGE, BALANCE], values=[CODE10, User10, 28, 110.00]
сент. 09, 2026 8:40:27 PM diesel.Table addRow
INFO: Inserted row into table USERS: {USER_CODE=CODE10, ID=10, NAME=User10, AGE=28, BALANCE=110.00}
сент. 09, 2026 8:40:27 PM diesel.InsertQuery insertRow
INFO: Inserted row into table USERS: {USER_CODE=CODE10, NAME=User10, AGE=28, BALANCE=110.00}
сент. 09, 2026 8:40:27 PM diesel.Table saveToFile
INFO: Table USERS saved to file data\USERS.csv with 10 rows
сент. 09, 2026 8:40:27 PM diesel.Table saveToFile
INFO: Table USERS saved to file data\USERS.csv with 10 rows
сент. 09, 2026 8:40:27 PM diesel.SubqueryParser parse
INFO: Parsing query: SELECT * FROM (SELECT ID FROM (SELECT ID, NAME FROM USERS WHERE AGE > 0 LIMIT 8) AS inner_sub LIMIT 3) AS outer_sub
сент. 09, 2026 8:40:27 PM diesel.SubqueryParser parseTableAndJoins
INFO: Parsed derived main table: subquery=SELECT ID FROM (SELECT ID, NAME FROM USERS WHERE AGE > 0 LIMIT 8) AS inner_sub LIMIT 3, alias=outer_sub
сент. 09, 2026 8:40:27 PM diesel.SubqueryParser parse
INFO: Parsing query: SELECT ID FROM (SELECT ID, NAME FROM USERS WHERE AGE > 0 LIMIT 8) AS inner_sub LIMIT 3
сент. 09, 2026 8:40:27 PM diesel.SubqueryParser parseTableAndJoins
INFO: Parsed derived main table: subquery=SELECT ID, NAME FROM USERS WHERE AGE > 0 LIMIT 8, alias=inner_sub
сент. 09, 2026 8:40:27 PM diesel.QueryParser parse
INFO: Normalized query: SELECT ID, NAME FROM USERS WHERE AGE > 0 LIMIT 8
сент. 09, 2026 8:40:27 PM diesel.QueryParser handleMainFromToken
FINEST: Найден основной FROM на позиции 16 в запросе: SELECT ID, NAME FROM USERS WHERE AGE > 0 LIMIT 8
сент. 09, 2026 8:40:27 PM diesel.QueryParser parseSelectColumn
FINE: Разобран столбец: ID
сент. 09, 2026 8:40:27 PM diesel.QueryParser parseSelectColumn
FINE: Разобран столбец: NAME
сент. 09, 2026 8:40:27 PM diesel.QueryParser findClauseOutsideSubquery
[...]
INFO: Normalized query: INSERT INTO USERS (USER_CODE, NAME, AGE, BALANCE) VALUES ('CODE9', 'USER9', 27, 109.00)
сент. 09, 2026 8:40:28 PM diesel.QueryParser parseInsertQuery
INFO: Parsed INSERT query: table=USERS, columns=[USER_CODE, NAME, AGE, BALANCE], values=[CODE9, User9, 27, 109.00]
сент. 09, 2026 8:40:28 PM diesel.Table addRow
INFO: Inserted row into table USERS: {USER_CODE=CODE9, ID=9, NAME=User9, AGE=27, BALANCE=109.00}
сент. 09, 2026 8:40:28 PM diesel.InsertQuery insertRow
INFO: Inserted row into table USERS: {USER_CODE=CODE9, NAME=User9, AGE=27, BALANCE=109.00}
сент. 09, 2026 8:40:28 PM diesel.Table saveToFile
INFO: Table USERS saved to file data\USERS.csv with 9 rows
сент. 09, 2026 8:40:28 PM diesel.QueryParser parse
INFO: Normalized query: INSERT INTO USERS (USER_CODE, NAME, AGE, BALANCE) VALUES ('CODE10', 'USER10', 28, 110.00)
сент. 09, 2026 8:40:28 PM diesel.QueryParser parseInsertQuery
INFO: Parsed INSERT query: table=USERS, columns=[USER_CODE, NAME, AGE, BALANCE], values=[CODE10, User10, 28, 110.00]
сент. 09, 2026 8:40:28 PM diesel.Table addRow
INFO: Inserted row into table USERS: {USER_CODE=CODE10, ID=10, NAME=User10, AGE=28, BALANCE=110.00}
сент. 09, 2026 8:40:28 PM diesel.InsertQuery insertRow
INFO: Inserted row into table USERS: {USER_CODE=CODE10, NAME=User10, AGE=28, BALANCE=110.00}
сент. 09, 2026 8:40:28 PM diesel.Table saveToFile
INFO: Table USERS saved to file data\USERS.csv with 10 rows
сент. 09, 2026 8:40:28 PM diesel.Table saveToFile
INFO: Table USERS saved to file data\USERS.csv with 10 rows
сент. 09, 2026 8:40:28 PM diesel.SubqueryParser parse
INFO: Parsing query: SELECT * FROM (SELECT ID, NAME FROM USERS WHERE AGE > 0 LIMIT 5) AS subq
сент. 09, 2026 8:40:28 PM diesel.SubqueryParser parseTableAndJoins
INFO: Parsed derived main table: subquery=SELECT ID, NAME FROM USERS WHERE AGE > 0 LIMIT 5, alias=subq
сент. 09, 2026 8:40:28 PM diesel.QueryParser parse
INFO: Normalized query: SELECT ID, NAME FROM USERS WHERE AGE > 0 LIMIT 5
сент. 09, 2026 8:40:28 PM diesel.QueryParser handleMainFromToken
FINEST: Найден основной FROM на позиции 16 в запросе: SELECT ID, NAME FROM USERS WHERE AGE > 0 LIMIT 5
сент. 09, 2026 8:40:28 PM diesel.QueryParser parseSelectColumn
FINE: Разобран столбец: ID
сент. 09, 2026 8:40:28 PM diesel.QueryParser parseSelectColumn
FINE: Разобран столбец: NAME
сент. 09, 2026 8:40:28 PM diesel.QueryParser findClauseOutsideSubquery
FINEST: Допустимое GROUP BY не найдено вне подзапросов в запросе: USERS WHERE AGE > 0 LIMIT 5
сент. 09, 2026 8:40:28 PM diesel.QueryParser findClauseOutsideSubquery
FINEST: Допустимое ORDER BY не найдено вне подзапросов в запросе: USERS WHERE AGE > 0 LIMIT 5
сент. 09, 2026 8:40:28 PM diesel.QueryParser findClauseOutsideSubquery
FINEST: Найдено последнее LIMIT на индексе 20 в запросе: USERS WHERE AGE > 0 LIMIT 5
сент. 09, 2026 8:40:28 PM diesel.QueryParser findClauseOutsideSubquery
FINEST: Найдено последнее WHERE на индексе 6 в запросе: USERS WHERE AGE > 0
сент. 09, 2026 8:40:28 PM diesel.QueryParser parseConditions
FINE: Начало парсинга условий: conditionStr=AGE > 0, defaultTableName=USERS, isJoinCondition=false
сент. 09, 2026 8:40:28 PM diesel.QueryParser parseConditions
FINE: Условие обрезано до: AGE > 0
сент. 09, 2026 8:40:28 PM diesel.QueryParser tokenizeConditions
FINEST: Processing token at position 0: AGE > 0
сент. 09, 2026 8:40:28 PM diesel.QueryParser matchOtherPatterns
FINEST: Паттерн {0} сработал, токен: AGE > 0, конец: 7
сент. 09, 2026 8:40:28 PM diesel.QueryParser processMatchedToken
FINEST: Добавлен токен условия: AGE > 0
сент. 09, 2026 8:40:28 PM diesel.QueryParser tokenizeConditions
FINE: Токенизация завершена, получено токенов: 1, токены: [Token{type=CONDITION, value='AGE > 0'}'}]
сент. 09, 2026 8:40:28 PM diesel.QueryParser parseSingleCondition
FINEST: Parsing single condition: AGE > 0, full condition=AGE > 0
сент. 09, 2026 8:40:28 PM diesel.QueryParser parseSingleCondition
FINEST: Передача в parseComparisonCondition: condStr=AGE > 0
сент. 09, 2026 8:40:28 PM diesel.QueryParser parseComparisonCondition
FINEST: Parsing comparison condition: AGE > 0
сент. 09, 2026 8:40:28 PM diesel.QueryParser parseTokenizedConditions
FINE: Добавлено одиночное условие: AGE GREATER_THAN 0
сент. 09, 2026 8:40:28 PM diesel.QueryParser parseSelectQuery
INFO: Разобран SELECT-запрос: таблица=USERS, столбцы=[ID, NAME], агрегации=[], соединения=[], условия=[AGE GREATER_THAN 0]
сент. 09, 2026 8:40:28 PM diesel.SelectQuery executeSelect
INFO: Selected 5 rows from table USERS with joins [], aggregates [], groupBy [], having=[], limit=5, offset=null, orderBy=[]
сент. 09, 2026 8:40:28 PM diesel.Table <init>
INFO: Created table: subq with columns [ID, NAME], types {ID=class java.lang.Long, NAME=class java.lang.String}, primary key: null, sequences: []
сент. 09, 2026 8:40:28 PM diesel.Table addRow
INFO: Inserted row into table subq: {ID=1, NAME=User1}
сент. 09, 2026 8:40:28 PM diesel.Table addRow
INFO: Inserted row into table subq: {ID=2, NAME=User2}
сент. 09, 2026 8:40:28 PM diesel.Table addRow
INFO: Inserted row into table subq: {ID=3, NAME=User3}
сент. 09, 2026 8:40:28 PM diesel.Table addRow
INFO: Inserted row into table subq: {ID=4, NAME=User4}
сент. 09, 2026 8:40:28 PM diesel.Table addRow
INFO: Inserted row into table subq: {ID=5, NAME=User5}
сент. 09, 2026 8:40:28 PM diesel.SubqueryParser materializeDerivedTable
INFO: Materialized derived table subq with 5 rows and columns [ID, NAME]
сент. 09, 2026 8:40:28 PM diesel.SubqueryParser parseSelectQuery
INFO: Parsed SELECT query: table=subq, columns=[*], aggregates=[], joins=[], conditions=[]
сент. 09, 2026 8:40:28 PM diesel.SelectQuery executeSelect
INFO: Selected 5 rows from table subq with joins [], aggregates [], groupBy [], having=[], limit=null, offset=null, orderBy=[]
]]></system-err>
  </testcase>
  <testcase name="selectFromDerivedTableWithWhereOnAlias" classname="diesel.SubqueriesTest" time="0.046">
    <system-err><![CDATA[сент. 09, 2026 8:40:28 PM diesel.QueryParser parse
INFO: Normalized query: CREATE TABLE USERS (ID LONG PRIMARY KEY SEQUENCE(ID_SEQ 1 1), USER_CODE STRING, NAME STRING, AGE INTEGER, BALANCE BIGDECIMAL)
сент. 09, 2026 8:40:28 PM diesel.QueryParser parseCreateTableQuery
INFO: Parsed CREATE TABLE query: table=USERS, columns=[ID, USER_CODE, NAME, AGE, BALANCE], types={AGE=class java.lang.Integer, BALANCE=class java.math.BigDecimal, ID=class java.lang.Long, NAME=class java.lang.String, USER_CODE=class java.lang.String}, primaryKey=ID, sequences=[ID]
сент. 09, 2026 8:40:28 PM diesel.Table createUniqueClusteredIndex
INFO: Created unique clustered B-tree index on column ID for table USERS
сент. 09, 2026 8:40:28 PM diesel.Table <init>
INFO: Created table: USERS with columns [ID, USER_CODE, NAME, AGE, BALANCE], types {AGE=class java.lang.Integer, BALANCE=class java.math.BigDecimal, ID=class java.lang.Long, NAME=class java.lang.String, USER_CODE=class java.lang.String}, primary key: ID, sequences: []
сент. 09, 2026 8:40:28 PM diesel.Database createTable
INFO: Created table USERS with primary key ID
сент. 09, 2026 8:40:28 PM diesel.QueryParser parse
INFO: Normalized query: CREATE UNIQUE INDEX ON USERS (ID)
сент. 09, 2026 8:40:28 PM diesel.Table createUniqueIndex
INFO: Created unique index on column ID for table USERS
сент. 09, 2026 8:40:28 PM diesel.QueryParser parse
INFO: Normalized query: CREATE INDEX ON USERS (AGE)
сент. 09, 2026 8:40:28 PM diesel.Table createBTreeIndex
INFO: Created B-tree index on column AGE for table USERS
сент. 09, 2026 8:40:28 PM diesel.QueryParser parse
INFO: Normalized query: CREATE HASH INDEX ON USERS (NAME)
сент. 09, 2026 8:40:28 PM diesel.Table createHashIndex
INFO: Created hash index on column NAME for table USERS
сент. 09, 2026 8:40:28 PM diesel.QueryParser parse
INFO: Normalized query: CREATE UNIQUE INDEX ON USERS (USER_CODE)
сент. 09, 2026 8:40:28 PM diesel.Table createUniqueIndex
INFO: Created unique index on column USER_CODE for table USERS
сент. 09, 2026 8:40:28 PM diesel.QueryParser parse
INFO: Normalized query: INSERT INTO USERS (USER_CODE, NAME, AGE, BALANCE) VALUES ('CODE1', 'USER1', 19, 101.00)
сент. 09, 2026 8:40:28 PM diesel.QueryParser parseInsertQuery
INFO: Parsed INSERT query: table=USERS, columns=[USER_CODE, NAME, AGE, BALANCE], values=[CODE1, User1, 19, 101.00]
сент. 09, 2026 8:40:28 PM diesel.Table addRow
INFO: Inserted row into table USERS: {USER_CODE=CODE1, ID=1, NAME=User1, AGE=19, BALANCE=101.00}
сент. 09, 2026 8:40:28 PM diesel.InsertQuery insertRow
INFO: Inserted row into table USERS: {USER_CODE=CODE1, NAME=User1, AGE=19, BALANCE=101.00}
сент. 09, 2026 8:40:28 PM diesel.Table saveToFile
INFO: Table USERS saved to file data\USERS.csv with 1 rows
сент. 09, 2026 8:40:28 PM diesel.QueryParser parse
INFO: Normalized query: INSERT INTO USERS (USER_CODE, NAME, AGE, BALANCE) VALUES ('CODE2', 'USER2', 20, 102.00)
сент. 09, 2026 8:40:28 PM diesel.QueryParser parseInsertQuery
INFO: Parsed INSERT query: table=USERS, columns=[USER_CODE, NAME, AGE, BALANCE], values=[CODE2, User2, 20, 102.00]
сент. 09, 2026 8:40:28 PM diesel.Table addRow
INFO: Inserted row into table USERS: {USER_CODE=CODE2, ID=2, NAME=User2, AGE=20, BALANCE=102.00}
сент. 09, 2026 8:40:28 PM diesel.InsertQuery insertRow
INFO: Inserted row into table USERS: {USER_CODE=CODE2, NAME=User2, AGE=20, BALANCE=102.00}
сент. 09, 2026 8:40:28 PM diesel.Table saveToFile
INFO: Table USERS saved to file data\USERS.csv with 2 rows
сент. 09, 2026 8:40:28 PM diesel.QueryParser parse
INFO: Normalized query: INSERT INTO USERS (USER_CODE, NAME, AGE, BALANCE) VALUES ('CODE3', 'USER3', 21, 103.00)
сент. 09, 2026 8:40:28 PM diesel.QueryParser parseInsertQuery
INFO: Parsed INSERT query: table=USERS, columns=[USER_CODE, NAME, AGE, BALANCE], values=[CODE3, User3, 21, 103.00]
сент. 09, 2026 8:40:28 PM diesel.Table addRow
INFO: Inserted row into table USERS: {USER_CODE=CODE3, ID=3, NAME=User3, AGE=21, BALANCE=103.00}
сент. 09, 2026 8:40:28 PM diesel.InsertQuery insertRow
INFO: Inserted row into table USERS: {USER_CODE=CODE3, NAME=User3, AGE=21, BALANCE=103.00}
сент. 09, 2026 8:40:28 PM diesel.Table saveToFile
INFO: Table USERS saved to file data\USERS.csv with 3 rows
сент. 09, 2026 8:40:28 PM diesel.QueryParser parse
INFO: Normalized query: INSERT INTO USERS (USER_CODE, NAME, AGE, BALANCE) VALUES ('CODE4', 'USER4', 22, 104.00)
сент. 09, 2026 8:40:28 PM diesel.QueryParser parseInsertQuery
INFO: Parsed INSERT query: table=USERS, columns=[USER_CODE, NAME, AGE, BALANCE], values=[CODE4, User4, 22, 104.00]
сент. 09, 2026 8:40:28 PM diesel.Table addRow
INFO: Inserted row into table USERS: {USER_CODE=CODE4, ID=4, NAME=User4, AGE=22, BALANCE=104.00}
сент. 09, 2026 8:40:28 PM diesel.InsertQuery insertRow
INFO: Inserted row into table USERS: {USER_CODE=CODE4, NAME=User4, AGE=22, BALANCE=104.00}
сент. 09, 2026 8:40:28 PM diesel.Table saveToFile
INFO: Table USERS saved to file data\USERS.csv with 4 rows
сент. 09, 2026 8:40:28 PM diesel.QueryParser parse
INFO: Normalized query: INSERT INTO USERS (USER_CODE, NAME, AGE, BALANCE) VALUES ('CODE5', 'USER5', 23, 105.00)
сент. 09, 2026 8:40:28 PM diesel.QueryParser parseInsertQuery
INFO: Parsed INSERT query: table=USERS, columns=[USER_CODE, NAME, AGE, BALANCE], values=[CODE5, User5, 23, 105.00]
сент. 09, 2026 8:40:28 PM diesel.Table addRow
INFO: Inserted row into table USERS: {USER_CODE=CODE5, ID=5, NAME=User5, AGE=23, BALANCE=105.00}
сент. 09, 2026 8:40:28 PM diesel.InsertQuery insertRow
INFO: Inserted row into table USERS: {USER_CODE=CODE5, NAME=User5, AGE=23, BALANCE=105.00}
сент. 09, 2026 8:40:28 PM diesel.Table saveToFile
INFO: Table USERS saved to file data\USERS.csv with 5 rows
сент. 09, 2026 8:40:28 PM diesel.QueryParser parse
INFO: Normalized query: INSERT INTO USERS (USER_CODE, NAME, AGE, BALANCE) VALUES ('CODE6', 'USER6', 24, 106.00)
сент. 09, 2026 8:40:28 PM diesel.QueryParser parseInsertQuery
INFO: Parsed INSERT query: table=USERS, columns=[USER_CODE, NAME, AGE, BALANCE], values=[CODE6, User6, 24, 106.00]
сент. 09, 2026 8:40:28 PM diesel.Table addRow
INFO: Inserted row into table USERS: {USER_CODE=CODE6, ID=6, NAME=User6, AGE=24, BALANCE=106.00}
сент. 09, 2026 8:40:28 PM diesel.InsertQuery insertRow
INFO: Inserted row into table USERS: {USER_CODE=CODE6, NAME=User6, AGE=24, BALANCE=106.00}
сент. 09, 2026 8:40:28 PM diesel.Table saveToFile
INFO: Table USERS saved to file data\USERS.csv with 6 rows
сент. 09, 2026 8:40:28 PM diesel.QueryParser parse
INFO: Normalized query: INSERT INTO USERS (USER_CODE, NAME, AGE, BALANCE) VALUES ('CODE7', 'USER7', 25, 107.00)
сент. 09, 2026 8:40:28 PM diesel.QueryParser parseInsertQuery
INFO: Parsed INSERT query: table=USERS, columns=[USER_CODE, NAME, AGE, BALANCE], values=[CODE7, User7, 25, 107.00]
сент. 09, 2026 8:40:28 PM diesel.Table addRow
INFO: Inserted row into table USERS: {USER_CODE=CODE7, ID=7, NAME=User7, AGE=25, BALANCE=107.00}
сент. 09, 2026 8:40:28 PM diesel.InsertQuery insertRow
INFO: Inserted row into table USERS: {USER_CODE=CODE7, NAME=User7, AGE=25, BALANCE=107.00}
сент. 09, 2026 8:40:28 PM diesel.Table saveToFile
INFO: Table USERS saved to file data\USERS.csv with 7 rows
сент. 09, 2026 8:40:28 PM diesel.QueryParser parse
INFO: Normalized query: INSERT INTO USERS (USER_CODE, NAME, AGE, BALANCE) VALUES ('CODE8', 'USER8', 26, 108.00)
сент. 09, 2026 8:40:28 PM diesel.QueryParser parseInsertQuery
INFO: Parsed INSERT query: table=USERS, columns=[USER_CODE, NAME, AGE, BALANCE], values=[CODE8, User8, 26, 108.00]
сент. 09, 2026 8:40:28 PM diesel.Table addRow
INFO: Inserted row into table USERS: {USER_CODE=CODE8, ID=8, NAME=User8, AGE=26, BALANCE=108.00}
сент. 09, 2026 8:40:28 PM diesel.InsertQuery insertRow
INFO: Inserted row into table USERS: {USER_CODE=CODE8, NAME=User8, AGE=26, BALANCE=108.00}
сент. 09, 2026 8:40:28 PM diesel.Table saveToFile
INFO: Table USERS saved to file data\USERS.csv with 8 rows
сент. 09, 2026 8:40:28 PM diesel.QueryParser parse
INFO: Normalized query: INSERT INTO USERS (USER_CODE, NAME, AGE, BALANCE) VALUES ('CODE9', 'USER9', 27, 109.00)
сент. 09, 2026 8:40:28 PM diesel.QueryParser parseInsertQuery
INFO: Parsed INSERT query: table=USERS, columns=[USER_CODE, NAME, AGE, BALANCE], values=[CODE9, User9, 27, 109.00]
сент. 09, 2026 8:40:28 PM diesel.Table addRow
INFO: Inserted row into table USERS: {USER_CODE=CODE9, ID=9, NAME=User9, AGE=27, BALANCE=109.00}
сент. 09, 2026 8:40:28 PM diesel.InsertQuery insertRow
INFO: Inserted row into table USERS: {USER_CODE=CODE9, NAME=User9, AGE=27, BALANCE=109.00}
сент. 09, 2026 8:40:28 PM diesel.Table saveToFile
INFO: Table USERS saved to file data\USERS.csv with 9 rows
сент. 09, 2026 8:40:28 PM diesel.QueryParser parse
INFO: Normalized query: INSERT INTO USERS (USER_CODE, NAME, AGE, BALANCE) VALUES ('CODE10', 'USER10', 28, 110.00)
сент. 09, 2026 8:40:28 PM diesel.QueryParser parseInsertQuery
INFO: Parsed INSERT query: table=USERS, columns=[USER_CODE, NAME, AGE, BALANCE], values=[CODE10, User10, 28, 110.00]
сент. 09, 2026 8:40:28 PM diesel.Table addRow
INFO: Inserted row into table USERS: {USER_CODE=CODE10, ID=10, NAME=User10, AGE=28, BALANCE=110.00}
сент. 09, 2026 8:40:28 PM diesel.InsertQuery insertRow
INFO: Inserted row into table USERS: {USER_CODE=CODE10, NAME=User10, AGE=28, BALANCE=110.00}
сент. 09, 2026 8:40:28 PM diesel.Table saveToFile
INFO: Table USERS saved to file data\USERS.csv with 10 rows
сент. 09, 2026 8:40:28 PM diesel.Table saveToFile
INFO: Table USERS saved to file data\USERS.csv with 10 rows
сент. 09, 2026 8:40:28 PM diesel.SubqueryParser parse
INFO: Parsing query: SELECT ID FROM (SELECT ID, AGE FROM USERS WHERE AGE > 0 LIMIT 5) AS subq WHERE subq.ID > 3 LIMIT 10
сент. 09, 2026 8:40:28 PM diesel.SubqueryParser parseTableAndJoins
INFO: Parsed derived main table: subquery=SELECT ID, AGE FROM USERS WHERE AGE > 0 LIMIT 5, alias=subq
сент. 09, 2026 8:40:28 PM diesel.QueryParser parse
INFO: Normalized query: SELECT ID, AGE FROM USERS WHERE AGE > 0 LIMIT 5
сент. 09, 2026 8:40:28 PM diesel.QueryParser handleMainFromToken
FINEST: Найден основной FROM на позиции 15 в запросе: SELECT ID, AGE FROM USERS WHERE AGE > 0 LIMIT 5
сент. 09, 2026 8:40:28 PM diesel.QueryParser parseSelectColumn
FINE: Разобран столбец: ID
сент. 09, 2026 8:40:28 PM diesel.QueryParser parseSelectColumn
FINE: Разобран столбец: AGE
сент. 09, 2026 8:40:28 PM diesel.QueryParser findClauseOutsideSubquery
FINEST: Допустимое GROUP BY не найдено вне подзапросов в запросе: USERS WHERE AGE > 0 LIMIT 5
сент. 09, 2026 8:40:28 PM diesel.QueryParser findClauseOutsideSubquery
FINEST: Допустимое ORDER BY не найдено вне подзапросов в запросе: USERS WHERE AGE > 0 LIMIT 5
сент. 09, 2026 8:40:28 PM diesel.QueryParser findClauseOutsideSubquery
FINEST: Найдено последнее LIMIT на индексе 20 в запросе: USERS WHERE AGE > 0 LIMIT 5
сент. 09, 2026 8:40:28 PM diesel.QueryParser findClauseOutsideSubquery
FINEST: Найдено последнее WHERE на индексе 6 в запросе: USERS WHERE AGE > 0
сент. 09, 2026 8:40:28 PM diesel.QueryParser parseConditions
FINE: Начало парсинга условий: conditionStr=AGE > 0, defaultTableName=USERS, isJoinCondition=false
сент. 09, 2026 8:40:28 PM diesel.QueryParser parseConditions
FINE: Условие обрезано до: AGE > 0
сент. 09, 2026 8:40:28 PM diesel.QueryParser tokenizeConditions
FINEST: Processing token at position 0: AGE > 0
сент. 09, 2026 8:40:28 PM diesel.QueryParser matchOtherPatterns
FINEST: Паттерн {0} сработал, токен: AGE > 0, конец: 7
сент. 09, 2026 8:40:28 PM diesel.QueryParser processMatchedToken
FINEST: Добавлен токен условия: AGE > 0
сент. 09, 2026 8:40:28 PM diesel.QueryParser tokenizeConditions
FINE: Токенизация завершена, получено токенов: 1, токены: [Token{type=CONDITION, value='AGE > 0'}'}]
сент. 09, 2026 8:40:28 PM diesel.QueryParser parseSingleCondition
FINEST: Parsing single condition: AGE > 0, full condition=AGE > 0
сент. 09, 2026 8:40:28 PM diesel.QueryParser parseSingleCondition
FINEST: Передача в parseComparisonCondition: condStr=AGE > 0
сент. 09, 2026 8:40:28 PM diesel.QueryParser parseComparisonCondition
FINEST: Parsing comparison condition: AGE > 0
сент. 09, 2026 8:40:28 PM diesel.QueryParser parseTokenizedConditions
FINE: Добавлено одиночное условие: AGE GREATER_THAN 0
сент. 09, 2026 8:40:28 PM diesel.QueryParser parseSelectQuery
INFO: Разобран SELECT-запрос: таблица=USERS, столбцы=[ID, AGE], агрегации=[], соединения=[], условия=[AGE GREATER_THAN 0]
сент. 09, 2026 8:40:28 PM diesel.SelectQuery executeSelect
INFO: Selected 5 rows from table USERS with joins [], aggregates [], groupBy [], having=[], limit=5, offset=null, orderBy=[]
сент. 09, 2026 8:40:28 PM diesel.Table <init>
INFO: Created table: subq with columns [ID, AGE], types {AGE=class java.lang.Integer, ID=class java.lang.Long}, primary key: null, sequences: []
сент. 09, 2026 8:40:28 PM diesel.Table addRow
INFO: Inserted row into table subq: {ID=1, AGE=19}
сент. 09, 2026 8:40:28 PM diesel.Table addRow
INFO: Inserted row into table subq: {ID=2, AGE=20}
сент. 09, 2026 8:40:28 PM diesel.Table addRow
INFO: Inserted row into table subq: {ID=3, AGE=21}
сент. 09, 2026 8:40:28 PM diesel.Table addRow
INFO: Inserted row into table subq: {ID=4, AGE=22}
сент. 09, 2026 8:40:28 PM diesel.Table addRow
INFO: Inserted row into table subq: {ID=5, AGE=23}
сент. 09, 2026 8:40:28 PM diesel.SubqueryParser materializeDerivedTable
INFO: Materialized derived table subq with 5 rows and columns [ID, AGE]
сент. 09, 2026 8:40:28 PM diesel.SubqueryParser parseSelectQuery
INFO: Parsed SELECT query: table=subq, columns=[ID], aggregates=[], joins=[], conditions=[subq.ID GREATER_THAN 3]
сент. 09, 2026 8:40:28 PM diesel.Table createBTreeIndex
INFO: Created B-tree index on column ID for table subq
сент. 09, 2026 8:40:28 PM diesel.SelectQuery ensureWhereIndexes
WARNING: Auto-created index on subq.ID for WHERE filtering
сент. 09, 2026 8:40:28 PM diesel.SelectQuery executeSelect
INFO: Selected 2 rows from table subq with joins [], aggregates [], groupBy [], having=[], limit=10, offset=null, orderBy=[]
]]></system-err>
  </testcase>
</testsuite>