<?xml version="1.0" encoding="UTF-8"?>
<testsuite xmlns:xsi="http://www.w3.org/2001/XMLSchema-instance" xsi:noNamespaceSchemaLocation="https://maven.apache.org/surefire/maven-surefire-plugin/xsd/surefire-test-report-3.0.xsd" version="3.0" name="diesel.DatabaseSmokeTest" time="1.478" tests="3" errors="0" skipped="0" failures="0">
  <properties>
[...]
</properties>
  <testcase name="selectAllReturnsAllInsertedRows" classname="diesel.DatabaseSmokeTest" time="0.961">
    <system-err><![CDATA[Aug 07, 2026 4:24:58 PM diesel.QueryParser <clinit>
WARNING: config.properties not found, using default logging level INFO
Aug 07, 2026 4:24:58 PM diesel.QueryParser parse
INFO: Normalized query: CREATE TABLE SMOKE (ID LONG PRIMARY KEY SEQUENCE(SMOKE_SEQ 1 1), NAME STRING, AGE INTEGER)
Aug 07, 2026 4:24:58 PM diesel.QueryParser parseCreateTableQuery
INFO: Parsed CREATE TABLE query: table=SMOKE, columns=[ID, NAME, AGE], types={AGE=class java.lang.Integer, ID=class java.lang.Long, NAME=class java.lang.String}, primaryKey=ID, sequences=[ID]
Aug 07, 2026 4:24:58 PM diesel.Table createUniqueClusteredIndex
INFO: Created unique clustered B-tree index on column ID for table SMOKE
Aug 07, 2026 4:24:58 PM diesel.Table <init>
INFO: Created table: SMOKE with columns [ID, NAME, AGE], types {AGE=class java.lang.Integer, ID=class java.lang.Long, NAME=class java.lang.String}, primary key: ID, sequences: []
Aug 07, 2026 4:24:58 PM diesel.Database createTable
INFO: Created table SMOKE with primary key ID
Aug 07, 2026 4:24:58 PM diesel.QueryParser parse
INFO: Normalized query: INSERT INTO SMOKE (NAME, AGE) VALUES ('ALICE', 25)
Aug 07, 2026 4:24:58 PM diesel.QueryParser parseInsertQuery
INFO: Parsed INSERT query: table=SMOKE, columns=[NAME, AGE], values=[Alice, 25]
Aug 07, 2026 4:24:58 PM diesel.Table addRow
INFO: Inserted row into table SMOKE: {ID=1, NAME=Alice, AGE=25}
Aug 07, 2026 4:24:58 PM diesel.InsertQuery execute
INFO: Inserted row into table SMOKE: {NAME=Alice, AGE=25}
Aug 07, 2026 4:24:58 PM diesel.Table saveToFile
INFO: Table SMOKE saved to file SMOKE.csv with 1 rows
Aug 07, 2026 4:24:58 PM diesel.QueryParser parse
INFO: Normalized query: INSERT INTO SMOKE (NAME, AGE) VALUES ('BOB', 30)
Aug 07, 2026 4:24:58 PM diesel.QueryParser parseInsertQuery
INFO: Parsed INSERT query: table=SMOKE, columns=[NAME, AGE], values=[Bob, 30]
Aug 07, 2026 4:24:58 PM diesel.Table addRow
INFO: Inserted row into table SMOKE: {ID=2, NAME=Bob, AGE=30}
Aug 07, 2026 4:24:58 PM diesel.InsertQuery execute
INFO: Inserted row into table SMOKE: {NAME=Bob, AGE=30}
Aug 07, 2026 4:24:58 PM diesel.Table saveToFile
INFO: Table SMOKE saved to file SMOKE.csv with 2 rows
Aug 07, 2026 4:24:58 PM diesel.QueryParser parse
INFO: Normalized query: SELECT ID, NAME FROM SMOKE
Aug 07, 2026 4:24:58 PM diesel.QueryParser parseSelectQuery
INFO: Разобран SELECT-запрос: таблица=SMOKE, столбцы=[ID, NAME], агрегации=[], соединения=[], условия=[]
Aug 07, 2026 4:24:58 PM diesel.SelectQuery execute
INFO: Selected 2 rows from table SMOKE with joins [], aggregates [], groupBy [], having=[], limit=null, offset=null, orderBy=[]
]]></system-err>
  </testcase>
  <testcase name="selectWithOrderBySortsRows" classname="diesel.DatabaseSmokeTest" time="0.102">
    <system-err><![CDATA[Aug 07, 2026 4:24:59 PM diesel.QueryParser parse
INFO: Normalized query: CREATE TABLE SMOKE (ID LONG PRIMARY KEY SEQUENCE(SMOKE_SEQ 1 1), NAME STRING, AGE INTEGER)
Aug 07, 2026 4:24:59 PM diesel.QueryParser parseCreateTableQuery
INFO: Parsed CREATE TABLE query: table=SMOKE, columns=[ID, NAME, AGE], types={AGE=class java.lang.Integer, ID=class java.lang.Long, NAME=class java.lang.String}, primaryKey=ID, sequences=[ID]
Aug 07, 2026 4:24:59 PM diesel.Table createUniqueClusteredIndex
INFO: Created unique clustered B-tree index on column ID for table SMOKE
Aug 07, 2026 4:24:59 PM diesel.Table <init>
INFO: Created table: SMOKE with columns [ID, NAME, AGE], types {AGE=class java.lang.Integer, ID=class java.lang.Long, NAME=class java.lang.String}, primary key: ID, sequences: []
Aug 07, 2026 4:24:59 PM diesel.Database createTable
INFO: Created table SMOKE with primary key ID
Aug 07, 2026 4:24:59 PM diesel.QueryParser parse
INFO: Normalized query: INSERT INTO SMOKE (NAME, AGE) VALUES ('ALICE', 25)
Aug 07, 2026 4:24:59 PM diesel.QueryParser parseInsertQuery
INFO: Parsed INSERT query: table=SMOKE, columns=[NAME, AGE], values=[Alice, 25]
Aug 07, 2026 4:24:59 PM diesel.Table addRow
INFO: Inserted row into table SMOKE: {ID=1, NAME=Alice, AGE=25}
Aug 07, 2026 4:24:59 PM diesel.InsertQuery execute
INFO: Inserted row into table SMOKE: {NAME=Alice, AGE=25}
Aug 07, 2026 4:24:59 PM diesel.Table saveToFile
INFO: Table SMOKE saved to file SMOKE.csv with 1 rows
Aug 07, 2026 4:24:59 PM diesel.QueryParser parse
INFO: Normalized query: INSERT INTO SMOKE (NAME, AGE) VALUES ('BOB', 30)
Aug 07, 2026 4:24:59 PM diesel.QueryParser parseInsertQuery
INFO: Parsed INSERT query: table=SMOKE, columns=[NAME, AGE], values=[Bob, 30]
Aug 07, 2026 4:24:59 PM diesel.Table addRow
INFO: Inserted row into table SMOKE: {ID=2, NAME=Bob, AGE=30}
Aug 07, 2026 4:24:59 PM diesel.InsertQuery execute
INFO: Inserted row into table SMOKE: {NAME=Bob, AGE=30}
Aug 07, 2026 4:24:59 PM diesel.Table saveToFile
INFO: Table SMOKE saved to file SMOKE.csv with 2 rows
Aug 07, 2026 4:24:59 PM diesel.QueryParser parse
INFO: Normalized query: SELECT NAME FROM SMOKE ORDER BY AGE DESC
Aug 07, 2026 4:24:59 PM diesel.QueryParser parseSelectQuery
INFO: Разобран SELECT-запрос: таблица=SMOKE, столбцы=[NAME], агрегации=[], соединения=[], условия=[]
Aug 07, 2026 4:24:59 PM diesel.SelectQuery execute
INFO: Selected 2 rows from table SMOKE with joins [], aggregates [], groupBy [], having=[], limit=null, offset=null, orderBy=[AGE DESC]
]]></system-err>
  </testcase>
  <testcase name="selectWithWhereReturnsMatchingRows" classname="diesel.DatabaseSmokeTest" time="0.239">
    <system-err><![CDATA[Aug 07, 2026 4:24:59 PM diesel.QueryParser parse
INFO: Normalized query: CREATE TABLE SMOKE (ID LONG PRIMARY KEY SEQUENCE(SMOKE_SEQ 1 1), NAME STRING, AGE INTEGER)
Aug 07, 2026 4:24:59 PM diesel.QueryParser parseCreateTableQuery
INFO: Parsed CREATE TABLE query: table=SMOKE, columns=[ID, NAME, AGE], types={AGE=class java.lang.Integer, ID=class java.lang.Long, NAME=class java.lang.String}, primaryKey=ID, sequences=[ID]
Aug 07, 2026 4:24:59 PM diesel.Table createUniqueClusteredIndex
INFO: Created unique clustered B-tree index on column ID for table SMOKE
Aug 07, 2026 4:24:59 PM diesel.Table <init>
INFO: Created table: SMOKE with columns [ID, NAME, AGE], types {AGE=class java.lang.Integer, ID=class java.lang.Long, NAME=class java.lang.String}, primary key: ID, sequences: []
Aug 07, 2026 4:24:59 PM diesel.Database createTable
INFO: Created table SMOKE with primary key ID
Aug 07, 2026 4:24:59 PM diesel.QueryParser parse
INFO: Normalized query: INSERT INTO SMOKE (NAME, AGE) VALUES ('ALICE', 25)
Aug 07, 2026 4:24:59 PM diesel.QueryParser parseInsertQuery
INFO: Parsed INSERT query: table=SMOKE, columns=[NAME, AGE], values=[Alice, 25]
Aug 07, 2026 4:24:59 PM diesel.Table addRow
INFO: Inserted row into table SMOKE: {ID=1, NAME=Alice, AGE=25}
Aug 07, 2026 4:24:59 PM diesel.InsertQuery execute
INFO: Inserted row into table SMOKE: {NAME=Alice, AGE=25}
Aug 07, 2026 4:24:59 PM diesel.Table saveToFile
INFO: Table SMOKE saved to file SMOKE.csv with 1 rows
Aug 07, 2026 4:24:59 PM diesel.QueryParser parse
INFO: Normalized query: INSERT INTO SMOKE (NAME, AGE) VALUES ('BOB', 30)
Aug 07, 2026 4:24:59 PM diesel.QueryParser parseInsertQuery
INFO: Parsed INSERT query: table=SMOKE, columns=[NAME, AGE], values=[Bob, 30]
Aug 07, 2026 4:24:59 PM diesel.Table addRow
INFO: Inserted row into table SMOKE: {ID=2, NAME=Bob, AGE=30}
Aug 07, 2026 4:24:59 PM diesel.InsertQuery execute
INFO: Inserted row into table SMOKE: {NAME=Bob, AGE=30}
Aug 07, 2026 4:24:59 PM diesel.Table saveToFile
INFO: Table SMOKE saved to file SMOKE.csv with 2 rows
Aug 07, 2026 4:24:59 PM diesel.QueryParser parse
INFO: Normalized query: SELECT ID, NAME FROM SMOKE WHERE NAME = 'ALICE'
Aug 07, 2026 4:24:59 PM diesel.QueryParser parseSelectQuery
INFO: Разобран SELECT-запрос: таблица=SMOKE, столбцы=[ID, NAME], агрегации=[], соединения=[], условия=[NAME EQUALS 'Alice']
Aug 07, 2026 4:24:59 PM diesel.SelectQuery execute
INFO: Selected 1 rows from table SMOKE with joins [], aggregates [], groupBy [], having=[], limit=null, offset=null, orderBy=[]
]]></system-err>
  </testcase>
</testsuite>